2018-05-25 17:13:30,647 - werkzeug - INFO -  * Running on http://127.0.0.1:5000/ (Press CTRL+C to quit)
2018-05-25 17:13:30,648 - werkzeug - INFO -  * Restarting with stat
2018-05-25 17:13:31,439 - werkzeug - WARNING -  * Debugger is active!
2018-05-25 17:13:31,440 - werkzeug - INFO -  * Debugger PIN: 300-959-358
2018-05-25 17:13:41,956 - werkzeug - INFO - 127.0.0.1 - - [25/May/2018 17:13:41] "POST /assessment HTTP/1.1" 500 -
2018-05-25 17:14:00,653 - werkzeug - INFO - 127.0.0.1 - - [25/May/2018 17:14:00] "POST /assessment HTTP/1.1" 503 -
2018-05-25 17:14:08,045 - werkzeug - INFO -  * Running on http://127.0.0.1:5000/ (Press CTRL+C to quit)
2018-05-25 17:14:08,046 - werkzeug - INFO -  * Restarting with stat
2018-05-25 17:14:08,836 - werkzeug - WARNING -  * Debugger is active!
2018-05-25 17:14:08,836 - werkzeug - INFO -  * Debugger PIN: 300-959-358
2018-05-25 17:14:27,500 - werkzeug - INFO -  * Running on http://127.0.0.1:5000/ (Press CTRL+C to quit)
2018-05-25 17:14:27,502 - werkzeug - INFO -  * Restarting with stat
2018-05-25 17:14:28,288 - werkzeug - WARNING -  * Debugger is active!
2018-05-25 17:14:28,288 - werkzeug - INFO -  * Debugger PIN: 300-959-358
2018-05-25 17:14:34,036 - werkzeug - INFO - 127.0.0.1 - - [25/May/2018 17:14:34] "POST /assessment HTTP/1.1" 503 -
2018-05-25 17:15:04,877 - werkzeug - INFO -  * Detected change in '/home/kartik/Documents/assessment/app/controller/assessment/operation/route.py', reloading
2018-05-25 17:15:05,406 - werkzeug - INFO -  * Restarting with stat
2018-05-25 17:15:06,262 - werkzeug - WARNING -  * Debugger is active!
2018-05-25 17:15:06,262 - werkzeug - INFO -  * Debugger PIN: 300-959-358
2018-05-25 17:15:08,151 - werkzeug - INFO - 127.0.0.1 - - [25/May/2018 17:15:08] "POST /assessment HTTP/1.1" 500 -
2018-05-25 17:15:18,043 - werkzeug - INFO -  * Running on http://127.0.0.1:5000/ (Press CTRL+C to quit)
2018-05-25 17:15:18,044 - werkzeug - INFO -  * Restarting with stat
2018-05-25 17:15:18,843 - werkzeug - WARNING -  * Debugger is active!
2018-05-25 17:15:18,843 - werkzeug - INFO -  * Debugger PIN: 300-959-358
2018-05-25 17:15:21,459 - werkzeug - INFO - 127.0.0.1 - - [25/May/2018 17:15:21] "POST /assessment HTTP/1.1" 500 -
2018-05-25 17:16:44,478 - werkzeug - INFO -  * Running on http://127.0.0.1:5000/ (Press CTRL+C to quit)
2018-05-25 17:16:44,480 - werkzeug - INFO -  * Restarting with stat
2018-05-25 17:16:45,292 - werkzeug - WARNING -  * Debugger is active!
2018-05-25 17:16:45,292 - werkzeug - INFO -  * Debugger PIN: 300-959-358
2018-05-25 17:16:47,141 - werkzeug - INFO - 127.0.0.1 - - [25/May/2018 17:16:47] "POST /assessment HTTP/1.1" 500 -
2018-05-25 17:23:09,280 - werkzeug - INFO -  * Detected change in '/home/kartik/Documents/assessment/app/__init__.py', reloading
2018-05-25 17:23:09,868 - werkzeug - INFO -  * Restarting with stat
2018-05-25 17:23:10,674 - werkzeug - WARNING -  * Debugger is active!
2018-05-25 17:23:10,674 - werkzeug - INFO -  * Debugger PIN: 300-959-358
2018-05-25 17:23:14,745 - werkzeug - INFO -  * Detected change in '/home/kartik/Documents/assessment/app/controller/assessment/operation/route.py', reloading
2018-05-25 17:23:15,273 - werkzeug - INFO -  * Restarting with stat
2018-05-25 17:23:16,067 - werkzeug - WARNING -  * Debugger is active!
2018-05-25 17:23:16,067 - werkzeug - INFO -  * Debugger PIN: 300-959-358
2018-05-25 17:23:20,740 - werkzeug - INFO -  * Running on http://127.0.0.1:5000/ (Press CTRL+C to quit)
2018-05-25 17:23:20,741 - werkzeug - INFO -  * Restarting with stat
2018-05-25 17:23:21,552 - werkzeug - WARNING -  * Debugger is active!
2018-05-25 17:23:21,553 - werkzeug - INFO -  * Debugger PIN: 300-959-358
2018-05-25 17:23:23,044 - werkzeug - INFO - 127.0.0.1 - - [25/May/2018 17:23:23] "POST /assessment HTTP/1.1" 500 -
2018-05-25 17:23:36,065 - app.controller.assessment.operation.route - INFO - assessment created
2018-05-25 17:23:36,065 - werkzeug - INFO - 127.0.0.1 - - [25/May/2018 17:23:36] "POST /assessment HTTP/1.1" 200 -
2018-05-25 17:23:52,039 - werkzeug - INFO -  * Running on http://127.0.0.1:5000/ (Press CTRL+C to quit)
2018-05-25 17:23:52,041 - werkzeug - INFO -  * Restarting with stat
2018-05-25 17:23:52,874 - werkzeug - WARNING -  * Debugger is active!
2018-05-25 17:23:52,874 - werkzeug - INFO -  * Debugger PIN: 300-959-358
2018-05-25 17:23:54,003 - app.controller.assessment.operation.route - INFO - assessment created
2018-05-25 17:23:54,004 - werkzeug - INFO - 127.0.0.1 - - [25/May/2018 17:23:54] "POST /assessment HTTP/1.1" 200 -
2018-05-25 17:28:49,184 - werkzeug - INFO -  * Running on http://127.0.0.1:5000/ (Press CTRL+C to quit)
2018-05-25 17:28:49,186 - werkzeug - INFO -  * Restarting with stat
2018-05-25 17:28:49,980 - werkzeug - WARNING -  * Debugger is active!
2018-05-25 17:28:49,980 - werkzeug - INFO -  * Debugger PIN: 300-959-358
2018-05-25 17:29:04,557 - app.controller.assessment.operation.route - INFO - assessment created
2018-05-25 17:29:04,557 - werkzeug - INFO - 127.0.0.1 - - [25/May/2018 17:29:04] "POST /assessment HTTP/1.1" 200 -
2018-05-25 17:31:21,416 - werkzeug - INFO -  * Detected change in '/home/kartik/Documents/assessment/app/__init__.py', reloading
2018-05-25 17:31:21,745 - werkzeug - INFO -  * Restarting with stat
2018-05-25 17:31:40,138 - werkzeug - INFO -  * Restarting with stat
2018-05-25 17:31:40,932 - werkzeug - WARNING -  * Debugger is active!
2018-05-25 17:31:40,933 - werkzeug - INFO -  * Debugger PIN: 300-959-358
2018-05-25 17:31:47,031 - werkzeug - INFO -  * Detected change in '/home/kartik/Documents/assessment/config.py', reloading
2018-05-25 17:31:47,505 - werkzeug - INFO -  * Restarting with stat
2018-05-25 17:31:48,312 - werkzeug - WARNING -  * Debugger is active!
2018-05-25 17:31:48,313 - werkzeug - INFO -  * Debugger PIN: 300-959-358
2018-05-25 17:31:55,424 - werkzeug - INFO -  * Detected change in '/home/kartik/Documents/assessment/config.py', reloading
2018-05-25 17:31:55,901 - werkzeug - INFO -  * Restarting with stat
2018-05-25 17:31:56,744 - werkzeug - WARNING -  * Debugger is active!
2018-05-25 17:31:56,744 - werkzeug - INFO -  * Debugger PIN: 300-959-358
2018-05-25 17:32:31,795 - werkzeug - INFO -  * Running on http://127.0.0.1:5000/ (Press CTRL+C to quit)
2018-05-25 17:32:31,796 - werkzeug - INFO -  * Restarting with stat
2018-05-25 17:32:32,586 - werkzeug - WARNING -  * Debugger is active!
2018-05-25 17:32:32,586 - werkzeug - INFO -  * Debugger PIN: 300-959-358
2018-05-25 18:19:36,474 - werkzeug - INFO -  * Detected change in '/home/kartik/Documents/assessment/app/controller/assessment/operation/route.py', reloading
2018-05-25 18:19:36,650 - werkzeug - INFO -  * Restarting with stat
2018-05-25 18:19:37,445 - werkzeug - WARNING -  * Debugger is active!
2018-05-25 18:19:37,446 - werkzeug - INFO -  * Debugger PIN: 300-959-358
2018-05-25 18:20:11,007 - werkzeug - INFO -  * Detected change in '/home/kartik/Documents/assessment/app/controller/assessment/operation/route.py', reloading
2018-05-25 18:20:11,580 - werkzeug - INFO -  * Restarting with stat
2018-05-25 18:20:12,383 - werkzeug - WARNING -  * Debugger is active!
2018-05-25 18:20:12,383 - werkzeug - INFO -  * Debugger PIN: 300-959-358
2018-05-25 18:20:33,750 - werkzeug - INFO -  * Detected change in '/home/kartik/Documents/assessment/app/controller/assessment/operation/route.py', reloading
2018-05-25 18:20:33,974 - werkzeug - INFO -  * Restarting with stat
2018-05-25 18:20:34,772 - werkzeug - WARNING -  * Debugger is active!
2018-05-25 18:20:34,772 - werkzeug - INFO -  * Debugger PIN: 300-959-358
2018-05-25 18:21:53,085 - werkzeug - INFO -  * Detected change in '/home/kartik/Documents/assessment/app/controller/assessment/operation/route.py', reloading
2018-05-25 18:21:53,459 - werkzeug - INFO -  * Restarting with stat
2018-05-25 18:21:54,275 - werkzeug - WARNING -  * Debugger is active!
2018-05-25 18:21:54,275 - werkzeug - INFO -  * Debugger PIN: 300-959-358
2018-05-25 18:51:04,389 - werkzeug - INFO -  * Running on http://127.0.0.1:5000/ (Press CTRL+C to quit)
2018-05-25 18:51:04,436 - werkzeug - INFO -  * Restarting with stat
2018-05-25 18:51:05,249 - werkzeug - WARNING -  * Debugger is active!
2018-05-25 18:51:05,250 - werkzeug - INFO -  * Debugger PIN: 300-959-358
2018-05-25 18:51:49,933 - werkzeug - INFO -  * Detected change in '/home/kartik/Documents/assessment/app/__init__.py', reloading
2018-05-25 18:51:50,408 - werkzeug - INFO -  * Restarting with stat
2018-05-25 18:51:51,240 - werkzeug - WARNING -  * Debugger is active!
2018-05-25 18:51:51,240 - werkzeug - INFO -  * Debugger PIN: 300-959-358
2018-05-25 18:56:55,662 - werkzeug - INFO - 127.0.0.1 - - [25/May/2018 18:56:55] "POST /assessment HTTP/1.1" 500 -
2018-05-25 18:57:36,116 - werkzeug - INFO -  * Running on http://127.0.0.1:5000/ (Press CTRL+C to quit)
2018-05-25 18:57:36,118 - werkzeug - INFO -  * Restarting with stat
2018-05-25 18:57:36,896 - werkzeug - WARNING -  * Debugger is active!
2018-05-25 18:57:36,896 - werkzeug - INFO -  * Debugger PIN: 300-959-358
2018-05-25 18:57:44,930 - werkzeug - INFO - 127.0.0.1 - - [25/May/2018 18:57:44] "POST /assessment HTTP/1.1" 503 -
2018-05-25 18:58:31,676 - werkzeug - INFO -  * Detected change in '/home/kartik/Documents/assessment/app/controller/assessment/operation/route.py', reloading
2018-05-25 18:58:32,039 - werkzeug - INFO -  * Restarting with stat
2018-05-25 18:58:32,814 - werkzeug - WARNING -  * Debugger is active!
2018-05-25 18:58:32,814 - werkzeug - INFO -  * Debugger PIN: 300-959-358
2018-05-25 18:58:39,926 - werkzeug - INFO -  * Detected change in '/home/kartik/Documents/assessment/app/controller/assessment/operation/route.py', reloading
2018-05-25 18:58:40,407 - werkzeug - INFO -  * Restarting with stat
2018-05-25 18:58:41,194 - werkzeug - WARNING -  * Debugger is active!
2018-05-25 18:58:41,194 - werkzeug - INFO -  * Debugger PIN: 300-959-358
2018-05-25 18:58:51,332 - werkzeug - INFO -  * Detected change in '/home/kartik/Documents/assessment/app/controller/assessment/operation/route.py', reloading
2018-05-25 18:58:51,809 - werkzeug - INFO -  * Restarting with stat
2018-05-25 18:58:52,604 - werkzeug - WARNING -  * Debugger is active!
2018-05-25 18:58:52,604 - werkzeug - INFO -  * Debugger PIN: 300-959-358
2018-05-25 18:58:57,531 - werkzeug - INFO - 127.0.0.1 - - [25/May/2018 18:58:57] "POST /assessment HTTP/1.1" 503 -
2018-05-25 18:59:18,975 - werkzeug - INFO -  * Detected change in '/home/kartik/Documents/assessment/app/controller/assessment/operation/route.py', reloading
2018-05-25 18:59:19,197 - werkzeug - INFO -  * Restarting with stat
2018-05-25 18:59:19,979 - werkzeug - WARNING -  * Debugger is active!
2018-05-25 18:59:19,979 - werkzeug - INFO -  * Debugger PIN: 300-959-358
2018-05-25 18:59:23,061 - werkzeug - INFO - 127.0.0.1 - - [25/May/2018 18:59:23] "POST /assessment HTTP/1.1" 503 -
2018-05-25 18:59:37,203 - werkzeug - INFO -  * Detected change in '/home/kartik/Documents/assessment/app/controller/assessment/operation/route.py', reloading
2018-05-25 18:59:37,581 - werkzeug - INFO -  * Restarting with stat
2018-05-25 18:59:38,390 - werkzeug - WARNING -  * Debugger is active!
2018-05-25 18:59:38,390 - werkzeug - INFO -  * Debugger PIN: 300-959-358
2018-05-25 18:59:39,807 - werkzeug - INFO - 127.0.0.1 - - [25/May/2018 18:59:39] "POST /assessment HTTP/1.1" 503 -
2018-05-25 19:00:04,709 - werkzeug - INFO -  * Detected change in '/home/kartik/Documents/assessment/app/validate/assessment/validate.py', reloading
2018-05-25 19:00:05,036 - werkzeug - INFO -  * Restarting with stat
2018-05-25 19:00:05,826 - werkzeug - WARNING -  * Debugger is active!
2018-05-25 19:00:05,826 - werkzeug - INFO -  * Debugger PIN: 300-959-358
2018-05-25 19:00:08,860 - werkzeug - INFO -  * Detected change in '/home/kartik/Documents/assessment/app/validate/assessment/validate.py', reloading
2018-05-25 19:00:09,388 - werkzeug - INFO -  * Restarting with stat
2018-05-25 19:00:10,197 - werkzeug - WARNING -  * Debugger is active!
2018-05-25 19:00:10,198 - werkzeug - INFO -  * Debugger PIN: 300-959-358
2018-05-25 19:00:17,561 - werkzeug - INFO - 127.0.0.1 - - [25/May/2018 19:00:17] "POST /assessment HTTP/1.1" 503 -
2018-05-25 19:01:15,121 - werkzeug - INFO -  * Detected change in '/home/kartik/Documents/assessment/app/controller/assessment/operation/route.py', reloading
2018-05-25 19:01:15,396 - werkzeug - INFO -  * Restarting with stat
2018-05-25 19:01:16,173 - werkzeug - WARNING -  * Debugger is active!
2018-05-25 19:01:16,173 - werkzeug - INFO -  * Debugger PIN: 300-959-358
2018-05-25 19:02:13,046 - werkzeug - INFO -  * Detected change in '/home/kartik/Documents/assessment/app/controller/assessment/operation/route.py', reloading
2018-05-25 19:02:13,326 - werkzeug - INFO -  * Restarting with stat
2018-05-25 19:02:14,170 - werkzeug - WARNING -  * Debugger is active!
2018-05-25 19:02:14,170 - werkzeug - INFO -  * Debugger PIN: 300-959-358
2018-05-25 19:02:16,006 - werkzeug - INFO - 127.0.0.1 - - [25/May/2018 19:02:16] "POST /assessment HTTP/1.1" 503 -
2018-05-25 19:03:34,233 - werkzeug - INFO -  * Detected change in '/home/kartik/Documents/assessment/app/controller/assessment/operation/route.py', reloading
2018-05-25 19:03:34,349 - werkzeug - INFO -  * Restarting with stat
2018-05-25 19:03:35,133 - werkzeug - WARNING -  * Debugger is active!
2018-05-25 19:03:35,133 - werkzeug - INFO -  * Debugger PIN: 300-959-358
2018-05-25 19:03:40,473 - app.controller.assessment.operation.route - INFO - assessment created
2018-05-25 19:03:40,474 - werkzeug - INFO - 127.0.0.1 - - [25/May/2018 19:03:40] "POST /assessment HTTP/1.1" 200 -
2018-05-25 19:04:07,564 - werkzeug - INFO -  * Detected change in '/home/kartik/Documents/assessment/app/controller/assessment/operation/route.py', reloading
2018-05-25 19:04:07,745 - werkzeug - INFO -  * Restarting with stat
2018-05-25 19:04:08,569 - werkzeug - WARNING -  * Debugger is active!
2018-05-25 19:04:08,569 - werkzeug - INFO -  * Debugger PIN: 300-959-358
2018-05-25 19:04:10,097 - werkzeug - INFO - 127.0.0.1 - - [25/May/2018 19:04:10] "POST /assessment HTTP/1.1" 500 -
2018-05-25 19:05:13,673 - werkzeug - INFO -  * Running on http://127.0.0.1:5000/ (Press CTRL+C to quit)
2018-05-25 19:05:13,674 - werkzeug - INFO -  * Restarting with stat
2018-05-25 19:05:14,482 - werkzeug - WARNING -  * Debugger is active!
2018-05-25 19:05:14,483 - werkzeug - INFO -  * Debugger PIN: 300-959-358
2018-05-25 19:05:15,827 - app.controller.assessment.operation.route - INFO - <Response 123 bytes [200 OK]>
2018-05-25 19:05:15,827 - werkzeug - INFO - 127.0.0.1 - - [25/May/2018 19:05:15] "POST /assessment HTTP/1.1" 503 -
2018-05-25 19:05:36,771 - werkzeug - INFO -  * Detected change in '/home/kartik/Documents/assessment/app/controller/assessment/operation/route.py', reloading
2018-05-25 19:05:37,098 - werkzeug - INFO -  * Restarting with stat
2018-05-25 19:05:37,890 - werkzeug - WARNING -  * Debugger is active!
2018-05-25 19:05:37,890 - werkzeug - INFO -  * Debugger PIN: 300-959-358
2018-05-25 19:05:39,122 - app.controller.assessment.operation.route - INFO - <Response 123 bytes [200 OK]>
2018-05-25 19:05:39,123 - werkzeug - INFO - 127.0.0.1 - - [25/May/2018 19:05:39] "POST /assessment HTTP/1.1" 503 -
2018-05-25 19:07:14,249 - werkzeug - INFO -  * Detected change in '/home/kartik/Documents/assessment/app/controller/assessment/operation/route.py', reloading
2018-05-25 19:07:14,625 - werkzeug - INFO -  * Restarting with stat
2018-05-25 19:07:15,413 - werkzeug - WARNING -  * Debugger is active!
2018-05-25 19:07:15,413 - werkzeug - INFO -  * Debugger PIN: 300-959-358
2018-05-25 19:07:19,482 - werkzeug - INFO -  * Detected change in '/home/kartik/Documents/assessment/app/controller/assessment/operation/route.py', reloading
2018-05-25 19:07:20,010 - werkzeug - INFO -  * Restarting with stat
2018-05-25 19:07:20,808 - werkzeug - WARNING -  * Debugger is active!
2018-05-25 19:07:20,808 - werkzeug - INFO -  * Debugger PIN: 300-959-358
2018-05-25 19:07:24,885 - werkzeug - INFO -  * Detected change in '/home/kartik/Documents/assessment/app/controller/assessment/operation/route.py', reloading
2018-05-25 19:07:25,409 - werkzeug - INFO -  * Restarting with stat
2018-05-25 19:07:26,192 - werkzeug - WARNING -  * Debugger is active!
2018-05-25 19:07:26,192 - werkzeug - INFO -  * Debugger PIN: 300-959-358
2018-05-25 19:07:58,728 - werkzeug - INFO -  * Detected change in '/home/kartik/Documents/assessment/app/controller/assessment/operation/route.py', reloading
2018-05-25 19:07:58,789 - werkzeug - INFO -  * Restarting with stat
2018-05-25 19:07:59,586 - werkzeug - WARNING -  * Debugger is active!
2018-05-25 19:07:59,587 - werkzeug - INFO -  * Debugger PIN: 300-959-358
2018-05-25 19:08:02,633 - werkzeug - INFO -  * Detected change in '/home/kartik/Documents/assessment/app/controller/assessment/operation/route.py', reloading
2018-05-25 19:08:03,162 - werkzeug - INFO -  * Restarting with stat
2018-05-25 19:08:03,947 - werkzeug - WARNING -  * Debugger is active!
2018-05-25 19:08:03,947 - werkzeug - INFO -  * Debugger PIN: 300-959-358
2018-05-25 19:08:09,046 - werkzeug - INFO -  * Detected change in '/home/kartik/Documents/assessment/app/controller/assessment/operation/route.py', reloading
2018-05-25 19:08:09,519 - werkzeug - INFO -  * Restarting with stat
2018-05-25 19:08:10,329 - werkzeug - WARNING -  * Debugger is active!
2018-05-25 19:08:10,330 - werkzeug - INFO -  * Debugger PIN: 300-959-358
2018-05-25 19:08:48,944 - werkzeug - INFO -  * Detected change in '/home/kartik/Documents/assessment/app/controller/assessment/operation/route.py', reloading
2018-05-25 19:08:49,478 - werkzeug - INFO -  * Restarting with stat
2018-05-25 19:08:50,301 - werkzeug - WARNING -  * Debugger is active!
2018-05-25 19:08:50,302 - werkzeug - INFO -  * Debugger PIN: 300-959-358
2018-05-25 19:08:51,257 - werkzeug - INFO - 127.0.0.1 - - [25/May/2018 19:08:51] "POST /assessment HTTP/1.1" 422 -
2018-05-28 11:34:48,365 - werkzeug - INFO -  * Running on http://127.0.0.1:5000/ (Press CTRL+C to quit)
2018-05-28 11:34:48,441 - werkzeug - INFO -  * Restarting with stat
2018-05-28 11:34:49,248 - werkzeug - WARNING -  * Debugger is active!
2018-05-28 11:34:49,282 - werkzeug - INFO -  * Debugger PIN: 300-959-358
2018-05-28 11:36:12,438 - werkzeug - INFO -  * Detected change in '/home/kartik/Documents/assessment/app/__init__.py', reloading
2018-05-28 11:36:12,969 - werkzeug - INFO -  * Restarting with stat
2018-05-28 11:36:13,761 - werkzeug - WARNING -  * Debugger is active!
2018-05-28 11:36:13,762 - werkzeug - INFO -  * Debugger PIN: 300-959-358
2018-05-28 11:37:13,575 - werkzeug - INFO -  * Detected change in '/home/kartik/Documents/assessment/app/controller/assessment/operation/route.py', reloading
2018-05-28 11:37:13,927 - werkzeug - INFO -  * Restarting with stat
2018-05-28 11:37:14,714 - werkzeug - WARNING -  * Debugger is active!
2018-05-28 11:37:14,714 - werkzeug - INFO -  * Debugger PIN: 300-959-358
2018-05-28 11:38:27,900 - werkzeug - INFO - 127.0.0.1 - - [28/May/2018 11:38:27] "POST /assessment HTTP/1.1" 422 -
2018-05-28 11:39:09,154 - werkzeug - INFO -  * Detected change in '/home/kartik/Documents/assessment/app/controller/assessment/operation/route.py', reloading
2018-05-28 11:39:09,431 - werkzeug - INFO -  * Restarting with stat
2018-05-28 11:39:10,218 - werkzeug - WARNING -  * Debugger is active!
2018-05-28 11:39:10,218 - werkzeug - INFO -  * Debugger PIN: 300-959-358
2018-05-28 11:39:13,941 - werkzeug - INFO - 127.0.0.1 - - [28/May/2018 11:39:13] "POST /assessment HTTP/1.1" 422 -
2018-05-28 11:39:30,506 - werkzeug - INFO -  * Detected change in '/home/kartik/Documents/assessment/app/controller/assessment/operation/route.py', reloading
2018-05-28 11:39:30,837 - werkzeug - INFO -  * Restarting with stat
2018-05-28 11:39:31,621 - werkzeug - WARNING -  * Debugger is active!
2018-05-28 11:39:31,622 - werkzeug - INFO -  * Debugger PIN: 300-959-358
2018-05-28 11:39:50,901 - werkzeug - INFO -  * Detected change in '/home/kartik/Documents/assessment/app/controller/assessment/operation/route.py', reloading
2018-05-28 11:39:51,226 - werkzeug - INFO -  * Restarting with stat
2018-05-28 11:39:52,057 - werkzeug - WARNING -  * Debugger is active!
2018-05-28 11:39:52,057 - werkzeug - INFO -  * Debugger PIN: 300-959-358
2018-05-28 11:40:01,190 - werkzeug - INFO -  * Detected change in '/home/kartik/Documents/assessment/app/controller/assessment/operation/route.py', reloading
2018-05-28 11:40:01,669 - werkzeug - INFO -  * Restarting with stat
2018-05-28 11:40:02,505 - werkzeug - WARNING -  * Debugger is active!
2018-05-28 11:40:02,505 - werkzeug - INFO -  * Debugger PIN: 300-959-358
2018-05-28 11:40:06,564 - werkzeug - INFO - 127.0.0.1 - - [28/May/2018 11:40:06] "POST /assessment HTTP/1.1" 422 -
2018-05-28 11:40:31,883 - werkzeug - INFO -  * Detected change in '/home/kartik/Documents/assessment/app/controller/assessment/operation/route.py', reloading
2018-05-28 11:40:32,103 - werkzeug - INFO -  * Restarting with stat
2018-05-28 11:40:32,948 - werkzeug - WARNING -  * Debugger is active!
2018-05-28 11:40:32,948 - werkzeug - INFO -  * Debugger PIN: 300-959-358
2018-05-28 11:40:35,425 - werkzeug - INFO - 127.0.0.1 - - [28/May/2018 11:40:35] "POST /assessment HTTP/1.1" 500 -
2018-05-28 11:41:06,414 - werkzeug - INFO -  * Detected change in '/home/kartik/Documents/assessment/app/controller/assessment/operation/route.py', reloading
2018-05-28 11:41:06,594 - werkzeug - INFO -  * Restarting with stat
2018-05-28 11:41:07,389 - werkzeug - WARNING -  * Debugger is active!
2018-05-28 11:41:07,389 - werkzeug - INFO -  * Debugger PIN: 300-959-358
2018-05-28 11:42:58,851 - werkzeug - INFO -  * Detected change in '/home/kartik/Documents/assessment/app/controller/assessment/operation/route.py', reloading
2018-05-28 11:42:59,128 - werkzeug - INFO -  * Restarting with stat
2018-05-28 11:42:59,950 - werkzeug - WARNING -  * Debugger is active!
2018-05-28 11:42:59,950 - werkzeug - INFO -  * Debugger PIN: 300-959-358
2018-05-28 11:43:02,681 - werkzeug - INFO - 127.0.0.1 - - [28/May/2018 11:43:02] "POST /assessment HTTP/1.1" 500 -
2018-05-28 11:44:21,086 - werkzeug - INFO -  * Detected change in '/home/kartik/Documents/assessment/app/controller/assessment/operation/route.py', reloading
2018-05-28 11:44:21,669 - werkzeug - INFO -  * Restarting with stat
2018-05-28 11:44:22,467 - werkzeug - WARNING -  * Debugger is active!
2018-05-28 11:44:22,468 - werkzeug - INFO -  * Debugger PIN: 300-959-358
2018-05-28 11:44:29,756 - werkzeug - INFO - 127.0.0.1 - - [28/May/2018 11:44:29] "POST /assessment HTTP/1.1" 422 -
2018-05-28 11:45:53,823 - werkzeug - INFO -  * Detected change in '/home/kartik/Documents/assessment/app/controller/assessment/operation/route.py', reloading
2018-05-28 11:45:54,199 - werkzeug - INFO -  * Restarting with stat
2018-05-28 11:45:55,030 - werkzeug - WARNING -  * Debugger is active!
2018-05-28 11:45:55,031 - werkzeug - INFO -  * Debugger PIN: 300-959-358
2018-05-28 11:45:58,467 - werkzeug - INFO - 127.0.0.1 - - [28/May/2018 11:45:58] "POST /assessment HTTP/1.1" 500 -
2018-05-28 11:51:03,183 - werkzeug - INFO -  * Detected change in '/home/kartik/Documents/assessment/app/controller/assessment/operation/route.py', reloading
2018-05-28 11:51:03,562 - werkzeug - INFO -  * Restarting with stat
2018-05-28 11:51:04,387 - werkzeug - WARNING -  * Debugger is active!
2018-05-28 11:51:04,387 - werkzeug - INFO -  * Debugger PIN: 300-959-358
2018-05-28 11:51:06,354 - werkzeug - INFO - 127.0.0.1 - - [28/May/2018 11:51:06] "POST /assessment HTTP/1.1" 422 -
2018-05-28 11:55:37,269 - werkzeug - INFO -  * Detected change in '/home/kartik/Documents/assessment/app/controller/assessment/operation/route.py', reloading
2018-05-28 11:55:37,820 - werkzeug - INFO -  * Restarting with stat
2018-05-28 11:55:38,624 - werkzeug - WARNING -  * Debugger is active!
2018-05-28 11:55:38,625 - werkzeug - INFO -  * Debugger PIN: 300-959-358
2018-05-28 11:55:40,530 - werkzeug - INFO - 127.0.0.1 - - [28/May/2018 11:55:40] "POST /assessment HTTP/1.1" 422 -
2018-05-28 11:56:02,984 - werkzeug - INFO -  * Detected change in '/home/kartik/Documents/assessment/app/controller/assessment/operation/route.py', reloading
2018-05-28 11:56:03,260 - werkzeug - INFO -  * Restarting with stat
2018-05-28 11:56:04,067 - werkzeug - WARNING -  * Debugger is active!
2018-05-28 11:56:04,068 - werkzeug - INFO -  * Debugger PIN: 300-959-358
2018-05-28 11:56:04,072 - werkzeug - INFO - 127.0.0.1 - - [28/May/2018 11:56:04] "POST /assessment HTTP/1.1" 422 -
2018-05-28 11:56:42,697 - werkzeug - INFO -  * Detected change in '/home/kartik/Documents/assessment/app/controller/assessment/operation/route.py', reloading
2018-05-28 11:56:43,235 - werkzeug - INFO -  * Restarting with stat
2018-05-28 11:56:44,036 - werkzeug - WARNING -  * Debugger is active!
2018-05-28 11:56:44,036 - werkzeug - INFO -  * Debugger PIN: 300-959-358
2018-05-28 11:56:45,275 - werkzeug - INFO - 127.0.0.1 - - [28/May/2018 11:56:45] "POST /assessment HTTP/1.1" 422 -
2018-05-28 11:57:41,968 - werkzeug - INFO -  * Detected change in '/home/kartik/Documents/assessment/app/controller/assessment/operation/route.py', reloading
2018-05-28 11:57:42,194 - werkzeug - INFO -  * Restarting with stat
2018-05-28 11:57:43,003 - werkzeug - WARNING -  * Debugger is active!
2018-05-28 11:57:43,003 - werkzeug - INFO -  * Debugger PIN: 300-959-358
2018-05-28 11:57:45,323 - werkzeug - INFO - 127.0.0.1 - - [28/May/2018 11:57:45] "POST /assessment HTTP/1.1" 500 -
2018-05-28 11:57:59,854 - werkzeug - INFO - 127.0.0.1 - - [28/May/2018 11:57:59] "POST /assessment HTTP/1.1" 422 -
2018-05-28 11:58:47,007 - werkzeug - INFO -  * Detected change in '/home/kartik/Documents/assessment/app/controller/assessment/operation/route.py', reloading
2018-05-28 11:58:47,183 - werkzeug - INFO -  * Restarting with stat
2018-05-28 11:58:48,013 - werkzeug - WARNING -  * Debugger is active!
2018-05-28 11:58:48,014 - werkzeug - INFO -  * Debugger PIN: 300-959-358
2018-05-28 11:58:49,079 - werkzeug - INFO - 127.0.0.1 - - [28/May/2018 11:58:49] "POST /assessment HTTP/1.1" 500 -
2018-05-28 11:59:10,368 - werkzeug - INFO -  * Detected change in '/home/kartik/Documents/assessment/app/controller/assessment/operation/route.py', reloading
2018-05-28 11:59:10,647 - werkzeug - INFO -  * Restarting with stat
2018-05-28 11:59:11,490 - werkzeug - WARNING -  * Debugger is active!
2018-05-28 11:59:11,491 - werkzeug - INFO -  * Debugger PIN: 300-959-358
2018-05-28 11:59:12,446 - werkzeug - INFO - 127.0.0.1 - - [28/May/2018 11:59:12] "POST /assessment HTTP/1.1" 500 -
2018-05-28 11:59:21,632 - werkzeug - INFO -  * Detected change in '/home/kartik/Documents/assessment/app/controller/assessment/operation/route.py', reloading
2018-05-28 11:59:22,101 - werkzeug - INFO -  * Restarting with stat
2018-05-28 11:59:22,898 - werkzeug - WARNING -  * Debugger is active!
2018-05-28 11:59:22,898 - werkzeug - INFO -  * Debugger PIN: 300-959-358
2018-05-28 11:59:24,537 - werkzeug - INFO - 127.0.0.1 - - [28/May/2018 11:59:24] "POST /assessment HTTP/1.1" 500 -
2018-05-28 12:01:57,905 - werkzeug - INFO -  * Detected change in '/home/kartik/Documents/assessment/app/controller/assessment/operation/route.py', reloading
2018-05-28 12:01:58,182 - werkzeug - INFO -  * Restarting with stat
2018-05-28 12:01:58,992 - werkzeug - WARNING -  * Debugger is active!
2018-05-28 12:01:58,992 - werkzeug - INFO -  * Debugger PIN: 300-959-358
2018-05-28 12:02:03,057 - werkzeug - INFO -  * Detected change in '/home/kartik/Documents/assessment/app/controller/assessment/operation/route.py', reloading
2018-05-28 12:02:03,603 - werkzeug - INFO -  * Restarting with stat
2018-05-28 12:02:04,425 - werkzeug - WARNING -  * Debugger is active!
2018-05-28 12:02:04,425 - werkzeug - INFO -  * Debugger PIN: 300-959-358
2018-05-28 12:02:05,128 - werkzeug - INFO - 127.0.0.1 - - [28/May/2018 12:02:05] "POST /assessment HTTP/1.1" 422 -
2018-05-28 12:02:22,675 - werkzeug - INFO -  * Detected change in '/home/kartik/Documents/assessment/app/controller/assessment/operation/route.py', reloading
2018-05-28 12:02:23,049 - werkzeug - INFO -  * Restarting with stat
2018-05-28 12:02:23,846 - werkzeug - WARNING -  * Debugger is active!
2018-05-28 12:02:23,847 - werkzeug - INFO -  * Debugger PIN: 300-959-358
2018-05-28 12:03:02,293 - werkzeug - INFO -  * Detected change in '/home/kartik/Documents/assessment/app/controller/assessment/operation/route.py', reloading
2018-05-28 12:03:02,471 - werkzeug - INFO -  * Restarting with stat
2018-05-28 12:03:03,256 - werkzeug - WARNING -  * Debugger is active!
2018-05-28 12:03:03,256 - werkzeug - INFO -  * Debugger PIN: 300-959-358
2018-05-28 12:03:07,325 - werkzeug - INFO -  * Detected change in '/home/kartik/Documents/assessment/app/controller/assessment/operation/route.py', reloading
2018-05-28 12:03:07,856 - werkzeug - INFO -  * Restarting with stat
2018-05-28 12:03:08,653 - werkzeug - WARNING -  * Debugger is active!
2018-05-28 12:03:08,653 - werkzeug - INFO -  * Debugger PIN: 300-959-358
2018-05-28 12:03:10,687 - werkzeug - INFO -  * Detected change in '/home/kartik/Documents/assessment/app/controller/assessment/operation/route.py', reloading
2018-05-28 12:03:11,216 - werkzeug - INFO -  * Restarting with stat
2018-05-28 12:03:12,002 - werkzeug - WARNING -  * Debugger is active!
2018-05-28 12:03:12,003 - werkzeug - INFO -  * Debugger PIN: 300-959-358
2018-05-28 12:03:22,143 - werkzeug - INFO -  * Detected change in '/home/kartik/Documents/assessment/app/controller/assessment/operation/route.py', reloading
2018-05-28 12:03:22,593 - werkzeug - INFO -  * Restarting with stat
2018-05-28 12:03:23,422 - werkzeug - WARNING -  * Debugger is active!
2018-05-28 12:03:23,423 - werkzeug - INFO -  * Debugger PIN: 300-959-358
2018-05-28 12:04:23,291 - werkzeug - INFO -  * Detected change in '/home/kartik/Documents/assessment/app/controller/assessment/operation/route.py', reloading
2018-05-28 12:04:23,561 - werkzeug - INFO -  * Restarting with stat
2018-05-28 12:04:24,338 - werkzeug - WARNING -  * Debugger is active!
2018-05-28 12:04:24,338 - werkzeug - INFO -  * Debugger PIN: 300-959-358
2018-05-28 12:04:43,237 - werkzeug - INFO - 127.0.0.1 - - [28/May/2018 12:04:43] "POST /assessment HTTP/1.1" 500 -
2018-05-28 12:04:52,450 - werkzeug - INFO -  * Running on http://127.0.0.1:5000/ (Press CTRL+C to quit)
2018-05-28 12:04:52,451 - werkzeug - INFO -  * Restarting with stat
2018-05-28 12:04:53,252 - werkzeug - WARNING -  * Debugger is active!
2018-05-28 12:04:53,252 - werkzeug - INFO -  * Debugger PIN: 300-959-358
2018-05-28 12:04:56,870 - werkzeug - INFO - 127.0.0.1 - - [28/May/2018 12:04:56] "POST /assessment HTTP/1.1" 500 -
2018-05-28 12:05:30,784 - werkzeug - INFO -  * Detected change in '/home/kartik/Documents/assessment/app/controller/assessment/operation/route.py', reloading
2018-05-28 12:05:30,854 - werkzeug - INFO -  * Restarting with stat
2018-05-28 12:05:31,664 - werkzeug - WARNING -  * Debugger is active!
2018-05-28 12:05:31,664 - werkzeug - INFO -  * Debugger PIN: 300-959-358
2018-05-28 12:06:02,164 - werkzeug - INFO -  * Detected change in '/home/kartik/Documents/assessment/app/controller/assessment/operation/route.py', reloading
2018-05-28 12:06:02,270 - werkzeug - INFO -  * Restarting with stat
2018-05-28 12:06:03,079 - werkzeug - WARNING -  * Debugger is active!
2018-05-28 12:06:03,079 - werkzeug - INFO -  * Debugger PIN: 300-959-358
2018-05-28 12:06:28,168 - werkzeug - INFO - 127.0.0.1 - - [28/May/2018 12:06:28] "POST /assessment HTTP/1.1" 500 -
2018-05-28 12:06:54,991 - werkzeug - INFO - 127.0.0.1 - - [28/May/2018 12:06:54] "POST /assessment HTTP/1.1" 503 -
2018-05-28 12:07:16,172 - werkzeug - INFO -  * Detected change in '/home/kartik/Documents/assessment/app/controller/assessment/operation/route.py', reloading
2018-05-28 12:07:16,231 - werkzeug - INFO -  * Restarting with stat
2018-05-28 12:07:17,028 - werkzeug - WARNING -  * Debugger is active!
2018-05-28 12:07:17,028 - werkzeug - INFO -  * Debugger PIN: 300-959-358
2018-05-28 12:07:22,113 - werkzeug - INFO -  * Detected change in '/home/kartik/Documents/assessment/app/controller/assessment/operation/route.py', reloading
2018-05-28 12:07:22,589 - werkzeug - INFO -  * Restarting with stat
2018-05-28 12:07:23,424 - werkzeug - WARNING -  * Debugger is active!
2018-05-28 12:07:23,424 - werkzeug - INFO -  * Debugger PIN: 300-959-358
2018-05-28 12:07:52,865 - werkzeug - INFO -  * Detected change in '/home/kartik/Documents/assessment/app/controller/assessment/operation/route.py', reloading
2018-05-28 12:07:53,039 - werkzeug - INFO -  * Restarting with stat
2018-05-28 12:07:53,832 - werkzeug - WARNING -  * Debugger is active!
2018-05-28 12:07:53,833 - werkzeug - INFO -  * Debugger PIN: 300-959-358
2018-05-28 12:08:08,002 - werkzeug - INFO - 127.0.0.1 - - [28/May/2018 12:08:08] "POST /assessment HTTP/1.1" 503 -
2018-05-28 12:08:18,203 - werkzeug - INFO -  * Detected change in '/home/kartik/Documents/assessment/app/controller/assessment/operation/route.py', reloading
2018-05-28 12:08:18,430 - werkzeug - INFO -  * Restarting with stat
2018-05-28 12:08:19,220 - werkzeug - WARNING -  * Debugger is active!
2018-05-28 12:08:19,220 - werkzeug - INFO -  * Debugger PIN: 300-959-358
2018-05-28 12:11:47,033 - werkzeug - INFO - 127.0.0.1 - - [28/May/2018 12:11:47] "POST /assessment HTTP/1.1" 503 -
2018-05-28 12:12:18,710 - werkzeug - INFO -  * Detected change in '/home/kartik/Documents/assessment/app/controller/assessment/operation/route.py', reloading
2018-05-28 12:12:18,817 - werkzeug - INFO -  * Restarting with stat
2018-05-28 12:12:21,327 - werkzeug - INFO - 127.0.0.1 - - [28/May/2018 12:12:21] "POST /assessment HTTP/1.1" 422 -
2018-05-28 12:14:07,833 - werkzeug - INFO -  * Running on http://127.0.0.1:5000/ (Press CTRL+C to quit)
2018-05-28 12:14:07,835 - werkzeug - INFO -  * Restarting with stat
2018-05-28 12:14:08,642 - werkzeug - WARNING -  * Debugger is active!
2018-05-28 12:14:08,642 - werkzeug - INFO -  * Debugger PIN: 300-959-358
2018-05-28 12:14:10,184 - werkzeug - INFO - 127.0.0.1 - - [28/May/2018 12:14:10] "POST /assessment HTTP/1.1" 503 -
2018-05-28 12:24:10,956 - werkzeug - INFO -  * Detected change in '/home/kartik/Documents/assessment/app/controller/assessment/operation/route.py', reloading
2018-05-28 12:24:11,027 - werkzeug - INFO -  * Restarting with stat
2018-05-28 12:24:11,821 - werkzeug - WARNING -  * Debugger is active!
2018-05-28 12:24:11,821 - werkzeug - INFO -  * Debugger PIN: 300-959-358
2018-05-28 12:25:17,598 - werkzeug - INFO - 127.0.0.1 - - [28/May/2018 12:25:17] "POST /assessment HTTP/1.1" 500 -
2018-05-28 12:25:34,913 - werkzeug - INFO - 127.0.0.1 - - [28/May/2018 12:25:34] "POST /assessment HTTP/1.1" 500 -
2018-05-28 12:25:49,843 - werkzeug - INFO - 127.0.0.1 - - [28/May/2018 12:25:49] "POST /assessment HTTP/1.1" 503 -
2018-05-28 12:25:58,010 - werkzeug - INFO -  * Running on http://127.0.0.1:5000/ (Press CTRL+C to quit)
2018-05-28 12:25:58,012 - werkzeug - INFO -  * Restarting with stat
2018-05-28 12:25:58,797 - werkzeug - WARNING -  * Debugger is active!
2018-05-28 12:25:58,797 - werkzeug - INFO -  * Debugger PIN: 300-959-358
2018-05-28 12:26:00,725 - werkzeug - INFO - 127.0.0.1 - - [28/May/2018 12:26:00] "POST /assessment HTTP/1.1" 503 -
2018-05-28 12:26:21,080 - werkzeug - INFO -  * Detected change in '/home/kartik/Documents/assessment/app/controller/assessment/operation/route.py', reloading
2018-05-28 12:26:21,415 - werkzeug - INFO -  * Restarting with stat
2018-05-28 12:26:22,247 - werkzeug - WARNING -  * Debugger is active!
2018-05-28 12:26:22,247 - werkzeug - INFO -  * Debugger PIN: 300-959-358
2018-05-28 12:26:22,821 - werkzeug - INFO - 127.0.0.1 - - [28/May/2018 12:26:22] "POST /assessment HTTP/1.1" 503 -
2018-05-28 12:26:38,487 - werkzeug - INFO -  * Detected change in '/home/kartik/Documents/assessment/app/controller/assessment/operation/route.py', reloading
2018-05-28 12:26:38,862 - werkzeug - INFO -  * Restarting with stat
2018-05-28 12:26:39,653 - werkzeug - WARNING -  * Debugger is active!
2018-05-28 12:26:39,653 - werkzeug - INFO -  * Debugger PIN: 300-959-358
2018-05-28 12:26:44,966 - werkzeug - INFO - 127.0.0.1 - - [28/May/2018 12:26:44] "POST /assessment HTTP/1.1" 503 -
2018-05-28 12:27:07,072 - werkzeug - INFO -  * Detected change in '/home/kartik/Documents/assessment/app/controller/assessment/operation/route.py', reloading
2018-05-28 12:27:07,240 - werkzeug - INFO -  * Restarting with stat
2018-05-28 12:27:08,046 - werkzeug - WARNING -  * Debugger is active!
2018-05-28 12:27:08,047 - werkzeug - INFO -  * Debugger PIN: 300-959-358
2018-05-28 12:27:09,281 - werkzeug - INFO - 127.0.0.1 - - [28/May/2018 12:27:09] "POST /assessment HTTP/1.1" 503 -
2018-05-28 12:28:40,326 - werkzeug - INFO -  * Detected change in '/home/kartik/Documents/assessment/app/controller/assessment/operation/route.py', reloading
2018-05-28 12:28:40,746 - werkzeug - INFO -  * Restarting with stat
2018-05-28 12:28:41,561 - werkzeug - WARNING -  * Debugger is active!
2018-05-28 12:28:41,562 - werkzeug - INFO -  * Debugger PIN: 300-959-358
2018-05-28 12:29:00,836 - werkzeug - INFO -  * Detected change in '/home/kartik/Documents/assessment/app/controller/assessment/operation/route.py', reloading
2018-05-28 12:29:01,141 - werkzeug - INFO -  * Restarting with stat
2018-05-28 12:29:01,933 - werkzeug - WARNING -  * Debugger is active!
2018-05-28 12:29:01,933 - werkzeug - INFO -  * Debugger PIN: 300-959-358
2018-05-28 12:29:14,352 - werkzeug - INFO - 127.0.0.1 - - [28/May/2018 12:29:14] "POST /assessment HTTP/1.1" 503 -
2018-05-28 12:32:18,985 - werkzeug - INFO -  * Detected change in '/home/kartik/Documents/assessment/app/controller/assessment/operation/route.py', reloading
2018-05-28 12:32:19,261 - werkzeug - INFO -  * Restarting with stat
2018-05-28 12:32:20,066 - werkzeug - WARNING -  * Debugger is active!
2018-05-28 12:32:20,066 - werkzeug - INFO -  * Debugger PIN: 300-959-358
2018-05-28 12:32:23,084 - werkzeug - INFO - 127.0.0.1 - - [28/May/2018 12:32:23] "POST /assessment HTTP/1.1" 503 -
2018-05-28 12:32:32,270 - werkzeug - INFO -  * Detected change in '/home/kartik/Documents/assessment/app/controller/assessment/operation/route.py', reloading
2018-05-28 12:32:32,629 - werkzeug - INFO -  * Restarting with stat
2018-05-28 12:32:33,446 - werkzeug - WARNING -  * Debugger is active!
2018-05-28 12:32:33,447 - werkzeug - INFO -  * Debugger PIN: 300-959-358
2018-05-28 12:32:42,598 - werkzeug - INFO -  * Detected change in '/home/kartik/Documents/assessment/app/controller/assessment/operation/route.py', reloading
2018-05-28 12:32:43,026 - werkzeug - INFO -  * Restarting with stat
2018-05-28 12:32:43,833 - werkzeug - WARNING -  * Debugger is active!
2018-05-28 12:32:43,833 - werkzeug - INFO -  * Debugger PIN: 300-959-358
2018-05-28 12:33:38,632 - werkzeug - INFO -  * Detected change in '/home/kartik/Documents/assessment/app/controller/assessment/operation/route.py', reloading
2018-05-28 12:33:39,011 - werkzeug - INFO -  * Restarting with stat
2018-05-28 12:33:39,836 - werkzeug - WARNING -  * Debugger is active!
2018-05-28 12:33:39,836 - werkzeug - INFO -  * Debugger PIN: 300-959-358
2018-05-28 12:33:40,146 - werkzeug - INFO - 127.0.0.1 - - [28/May/2018 12:33:40] "POST /assessment HTTP/1.1" 503 -
2018-05-28 12:35:24,353 - werkzeug - INFO -  * Detected change in '/home/kartik/Documents/assessment/app/controller/assessment/operation/route.py', reloading
2018-05-28 12:35:24,515 - werkzeug - INFO -  * Restarting with stat
2018-05-28 12:35:25,322 - werkzeug - WARNING -  * Debugger is active!
2018-05-28 12:35:25,322 - werkzeug - INFO -  * Debugger PIN: 300-959-358
2018-05-28 12:36:28,236 - werkzeug - INFO -  * Detected change in '/home/kartik/Documents/assessment/app/errorHandler/exception.py', reloading
2018-05-28 12:36:28,460 - werkzeug - INFO -  * Restarting with stat
2018-05-28 12:36:29,274 - werkzeug - WARNING -  * Debugger is active!
2018-05-28 12:36:29,274 - werkzeug - INFO -  * Debugger PIN: 300-959-358
2018-05-28 12:36:47,535 - werkzeug - INFO -  * Detected change in '/home/kartik/Documents/assessment/app/controller/assessment/operation/route.py', reloading
2018-05-28 12:36:47,857 - werkzeug - INFO -  * Restarting with stat
2018-05-28 12:36:48,655 - werkzeug - WARNING -  * Debugger is active!
2018-05-28 12:36:48,655 - werkzeug - INFO -  * Debugger PIN: 300-959-358
2018-05-28 12:36:53,377 - werkzeug - INFO - 127.0.0.1 - - [28/May/2018 12:36:53] "POST /assessment HTTP/1.1" 422 -
2018-05-28 12:37:06,953 - werkzeug - INFO -  * Detected change in '/home/kartik/Documents/assessment/app/controller/assessment/operation/route.py', reloading
2018-05-28 12:37:07,283 - werkzeug - INFO -  * Restarting with stat
2018-05-28 12:37:08,154 - werkzeug - WARNING -  * Debugger is active!
2018-05-28 12:37:08,154 - werkzeug - INFO -  * Debugger PIN: 300-959-358
2018-05-28 12:37:13,242 - werkzeug - INFO -  * Detected change in '/home/kartik/Documents/assessment/app/controller/assessment/operation/route.py', reloading
2018-05-28 12:37:13,765 - werkzeug - INFO -  * Restarting with stat
2018-05-28 12:37:14,595 - werkzeug - WARNING -  * Debugger is active!
2018-05-28 12:37:14,596 - werkzeug - INFO -  * Debugger PIN: 300-959-358
2018-05-28 12:37:17,638 - werkzeug - INFO -  * Detected change in '/home/kartik/Documents/assessment/app/errorHandler/exception.py', reloading
2018-05-28 12:37:18,208 - werkzeug - INFO -  * Restarting with stat
2018-05-28 12:37:19,043 - werkzeug - WARNING -  * Debugger is active!
2018-05-28 12:37:19,044 - werkzeug - INFO -  * Debugger PIN: 300-959-358
2018-05-28 12:37:30,199 - werkzeug - INFO -  * Detected change in '/home/kartik/Documents/assessment/app/controller/assessment/operation/route.py', reloading
2018-05-28 12:37:30,608 - werkzeug - INFO -  * Restarting with stat
2018-05-28 12:37:31,430 - werkzeug - WARNING -  * Debugger is active!
2018-05-28 12:37:31,431 - werkzeug - INFO -  * Debugger PIN: 300-959-358
2018-05-28 12:37:39,550 - werkzeug - INFO -  * Detected change in '/home/kartik/Documents/assessment/app/controller/assessment/operation/route.py', reloading
2018-05-28 12:37:40,053 - werkzeug - INFO -  * Restarting with stat
2018-05-28 12:37:40,891 - werkzeug - WARNING -  * Debugger is active!
2018-05-28 12:37:40,891 - werkzeug - INFO -  * Debugger PIN: 300-959-358
2018-05-28 12:37:42,289 - werkzeug - INFO - 127.0.0.1 - - [28/May/2018 12:37:42] "POST /assessment HTTP/1.1" 422 -
2018-05-28 12:37:52,079 - werkzeug - INFO -  * Detected change in '/home/kartik/Documents/assessment/app/controller/assessment/operation/route.py', reloading
2018-05-28 12:37:52,509 - werkzeug - INFO -  * Restarting with stat
2018-05-28 12:37:53,344 - werkzeug - WARNING -  * Debugger is active!
2018-05-28 12:37:53,344 - werkzeug - INFO -  * Debugger PIN: 300-959-358
2018-05-28 12:37:55,408 - werkzeug - INFO - 127.0.0.1 - - [28/May/2018 12:37:55] "POST /assessment HTTP/1.1" 422 -
2018-05-28 12:39:11,525 - werkzeug - INFO -  * Detected change in '/home/kartik/Documents/assessment/app/controller/assessment/operation/route.py', reloading
2018-05-28 12:39:11,982 - werkzeug - INFO -  * Restarting with stat
2018-05-28 12:39:12,802 - werkzeug - WARNING -  * Debugger is active!
2018-05-28 12:39:12,802 - werkzeug - INFO -  * Debugger PIN: 300-959-358
2018-05-28 12:39:15,849 - werkzeug - INFO -  * Detected change in '/home/kartik/Documents/assessment/app/controller/assessment/operation/route.py', reloading
2018-05-28 12:39:16,370 - werkzeug - INFO -  * Restarting with stat
2018-05-28 12:39:17,186 - werkzeug - WARNING -  * Debugger is active!
2018-05-28 12:39:17,186 - werkzeug - INFO -  * Debugger PIN: 300-959-358
2018-05-28 12:39:25,289 - werkzeug - INFO -  * Detected change in '/home/kartik/Documents/assessment/app/controller/assessment/operation/route.py', reloading
2018-05-28 12:39:25,798 - werkzeug - INFO -  * Restarting with stat
2018-05-28 12:39:26,646 - werkzeug - WARNING -  * Debugger is active!
2018-05-28 12:39:26,646 - werkzeug - INFO -  * Debugger PIN: 300-959-358
2018-05-28 12:39:28,337 - werkzeug - INFO - 127.0.0.1 - - [28/May/2018 12:39:28] "POST /assessment HTTP/1.1" 503 -
2018-05-28 12:39:38,879 - werkzeug - INFO -  * Detected change in '/home/kartik/Documents/assessment/app/controller/assessment/operation/route.py', reloading
2018-05-28 12:39:39,252 - werkzeug - INFO -  * Restarting with stat
2018-05-28 12:39:40,047 - werkzeug - WARNING -  * Debugger is active!
2018-05-28 12:39:40,048 - werkzeug - INFO -  * Debugger PIN: 300-959-358
2018-05-28 12:39:50,220 - werkzeug - INFO -  * Detected change in '/home/kartik/Documents/assessment/app/controller/assessment/operation/route.py', reloading
2018-05-28 12:39:50,647 - werkzeug - INFO -  * Restarting with stat
2018-05-28 12:39:51,444 - werkzeug - WARNING -  * Debugger is active!
2018-05-28 12:39:51,444 - werkzeug - INFO -  * Debugger PIN: 300-959-358
2018-05-28 12:39:55,515 - werkzeug - INFO -  * Detected change in '/home/kartik/Documents/assessment/app/controller/assessment/operation/route.py', reloading
2018-05-28 12:39:56,014 - werkzeug - INFO -  * Restarting with stat
2018-05-28 12:39:56,822 - werkzeug - WARNING -  * Debugger is active!
2018-05-28 12:39:56,823 - werkzeug - INFO -  * Debugger PIN: 300-959-358
2018-05-28 12:39:58,380 - werkzeug - INFO - 127.0.0.1 - - [28/May/2018 12:39:58] "POST /assessment HTTP/1.1" 503 -
2018-05-28 12:40:25,266 - werkzeug - INFO -  * Detected change in '/home/kartik/Documents/assessment/app/controller/assessment/operation/route.py', reloading
2018-05-28 12:40:25,440 - werkzeug - INFO -  * Restarting with stat
2018-05-28 12:40:26,265 - werkzeug - WARNING -  * Debugger is active!
2018-05-28 12:40:26,265 - werkzeug - INFO -  * Debugger PIN: 300-959-358
2018-05-28 12:40:28,918 - werkzeug - INFO - 127.0.0.1 - - [28/May/2018 12:40:28] "POST /assessment HTTP/1.1" 422 -
2018-05-28 12:40:51,621 - werkzeug - INFO -  * Detected change in '/home/kartik/Documents/assessment/app/controller/assessment/operation/route.py', reloading
2018-05-28 12:40:51,895 - werkzeug - INFO -  * Restarting with stat
2018-05-28 12:40:52,700 - werkzeug - WARNING -  * Debugger is active!
2018-05-28 12:40:52,700 - werkzeug - INFO -  * Debugger PIN: 300-959-358
2018-05-28 12:42:27,253 - werkzeug - INFO -  * Detected change in '/home/kartik/Documents/assessment/app/controller/assessment/operation/route.py', reloading
2018-05-28 12:42:27,428 - werkzeug - INFO -  * Restarting with stat
2018-05-28 12:42:28,222 - werkzeug - WARNING -  * Debugger is active!
2018-05-28 12:42:28,223 - werkzeug - INFO -  * Debugger PIN: 300-959-358
2018-05-28 12:42:33,570 - werkzeug - INFO - 127.0.0.1 - - [28/May/2018 12:42:33] "POST /assessment HTTP/1.1" 422 -
2018-05-28 12:42:49,590 - werkzeug - INFO -  * Detected change in '/home/kartik/Documents/assessment/app/controller/assessment/operation/route.py', reloading
2018-05-28 12:42:49,813 - werkzeug - INFO -  * Restarting with stat
2018-05-28 12:42:50,639 - werkzeug - WARNING -  * Debugger is active!
2018-05-28 12:42:50,639 - werkzeug - INFO -  * Debugger PIN: 300-959-358
2018-05-28 12:42:53,852 - werkzeug - INFO - 127.0.0.1 - - [28/May/2018 12:42:53] "POST /assessment HTTP/1.1" 422 -
2018-05-28 12:45:38,329 - werkzeug - INFO -  * Detected change in '/home/kartik/Documents/assessment/app/controller/assessment/operation/route.py', reloading
2018-05-28 12:45:38,429 - werkzeug - INFO -  * Restarting with stat
2018-05-28 12:45:39,245 - werkzeug - WARNING -  * Debugger is active!
2018-05-28 12:45:39,246 - werkzeug - INFO -  * Debugger PIN: 300-959-358
2018-05-28 12:45:43,310 - werkzeug - INFO -  * Detected change in '/home/kartik/Documents/assessment/app/controller/assessment/operation/route.py', reloading
2018-05-28 12:45:43,836 - werkzeug - INFO -  * Restarting with stat
2018-05-28 12:45:44,681 - werkzeug - WARNING -  * Debugger is active!
2018-05-28 12:45:44,682 - werkzeug - INFO -  * Debugger PIN: 300-959-358
2018-05-28 12:45:48,490 - werkzeug - INFO - 127.0.0.1 - - [28/May/2018 12:45:48] "POST /assessment HTTP/1.1" 422 -
2018-05-28 12:46:13,134 - werkzeug - INFO -  * Detected change in '/home/kartik/Documents/assessment/app/controller/assessment/operation/route.py', reloading
2018-05-28 12:46:13,363 - werkzeug - INFO -  * Restarting with stat
2018-05-28 12:46:14,184 - werkzeug - WARNING -  * Debugger is active!
2018-05-28 12:46:14,184 - werkzeug - INFO -  * Debugger PIN: 300-959-358
2018-05-28 12:46:14,683 - werkzeug - INFO - 127.0.0.1 - - [28/May/2018 12:46:14] "POST /assessment HTTP/1.1" 422 -
2018-05-28 12:47:06,044 - werkzeug - INFO -  * Detected change in '/home/kartik/Documents/assessment/app/controller/assessment/operation/route.py', reloading
2018-05-28 12:47:06,318 - werkzeug - INFO -  * Restarting with stat
2018-05-28 12:47:07,153 - werkzeug - WARNING -  * Debugger is active!
2018-05-28 12:47:07,153 - werkzeug - INFO -  * Debugger PIN: 300-959-358
2018-05-28 12:48:28,481 - werkzeug - INFO -  * Detected change in '/home/kartik/Documents/assessment/app/controller/assessment/operation/route.py', reloading
2018-05-28 12:48:28,862 - werkzeug - INFO -  * Restarting with stat
2018-05-28 12:48:29,664 - werkzeug - WARNING -  * Debugger is active!
2018-05-28 12:48:29,664 - werkzeug - INFO -  * Debugger PIN: 300-959-358
2018-05-28 12:49:00,126 - werkzeug - INFO -  * Detected change in '/home/kartik/Documents/assessment/app/controller/assessment/operation/route.py', reloading
2018-05-28 12:49:00,303 - werkzeug - INFO -  * Restarting with stat
2018-05-28 12:49:01,128 - werkzeug - WARNING -  * Debugger is active!
2018-05-28 12:49:01,128 - werkzeug - INFO -  * Debugger PIN: 300-959-358
2018-05-28 12:49:02,628 - werkzeug - INFO - 127.0.0.1 - - [28/May/2018 12:49:02] "POST /assessment HTTP/1.1" 422 -
2018-05-28 12:49:30,600 - werkzeug - INFO -  * Detected change in '/home/kartik/Documents/assessment/app/controller/assessment/operation/route.py', reloading
2018-05-28 12:49:30,751 - werkzeug - INFO -  * Restarting with stat
2018-05-28 12:49:31,596 - werkzeug - WARNING -  * Debugger is active!
2018-05-28 12:49:31,596 - werkzeug - INFO -  * Debugger PIN: 300-959-358
2018-05-28 12:49:33,371 - werkzeug - INFO - 127.0.0.1 - - [28/May/2018 12:49:33] "POST /assessment HTTP/1.1" 422 -
2018-05-28 12:50:07,158 - werkzeug - INFO -  * Detected change in '/home/kartik/Documents/assessment/app/controller/assessment/operation/route.py', reloading
2018-05-28 12:50:07,716 - werkzeug - INFO -  * Restarting with stat
2018-05-28 12:50:08,537 - werkzeug - WARNING -  * Debugger is active!
2018-05-28 12:50:08,538 - werkzeug - INFO -  * Debugger PIN: 300-959-358
2018-05-28 12:50:09,000 - werkzeug - INFO - 127.0.0.1 - - [28/May/2018 12:50:09] "POST /assessment HTTP/1.1" 422 -
2018-05-28 12:50:17,679 - werkzeug - INFO -  * Detected change in '/home/kartik/Documents/assessment/app/controller/assessment/operation/route.py', reloading
2018-05-28 12:50:18,096 - werkzeug - INFO -  * Restarting with stat
2018-05-28 12:50:18,896 - werkzeug - WARNING -  * Debugger is active!
2018-05-28 12:50:18,897 - werkzeug - INFO -  * Debugger PIN: 300-959-358
2018-05-28 12:50:55,434 - werkzeug - INFO - 127.0.0.1 - - [28/May/2018 12:50:55] "POST /assessment HTTP/1.1" 422 -
2018-05-28 12:51:25,366 - werkzeug - INFO - 127.0.0.1 - - [28/May/2018 12:51:25] "POST /assessment HTTP/1.1" 422 -
2018-05-28 12:51:46,208 - werkzeug - INFO -  * Detected change in '/home/kartik/Documents/assessment/app/controller/assessment/operation/route.py', reloading
2018-05-28 12:51:46,589 - werkzeug - INFO -  * Restarting with stat
2018-05-28 12:51:47,428 - werkzeug - WARNING -  * Debugger is active!
2018-05-28 12:51:47,428 - werkzeug - INFO -  * Debugger PIN: 300-959-358
2018-05-28 12:51:50,557 - werkzeug - INFO - 127.0.0.1 - - [28/May/2018 12:51:50] "POST /assessment HTTP/1.1" 422 -
2018-05-28 12:53:03,558 - werkzeug - INFO -  * Detected change in '/home/kartik/Documents/assessment/app/controller/assessment/operation/route.py', reloading
2018-05-28 12:53:04,088 - werkzeug - INFO -  * Restarting with stat
2018-05-28 12:53:04,879 - werkzeug - WARNING -  * Debugger is active!
2018-05-28 12:53:04,879 - werkzeug - INFO -  * Debugger PIN: 300-959-358
2018-05-28 12:55:36,164 - werkzeug - INFO -  * Detected change in '/home/kartik/Documents/assessment/app/controller/assessment/operation/route.py', reloading
2018-05-28 12:55:36,732 - werkzeug - INFO -  * Restarting with stat
2018-05-28 12:55:37,540 - werkzeug - WARNING -  * Debugger is active!
2018-05-28 12:55:37,541 - werkzeug - INFO -  * Debugger PIN: 300-959-358
2018-05-28 12:55:40,044 - werkzeug - INFO - 127.0.0.1 - - [28/May/2018 12:55:40] "POST /assessment HTTP/1.1" 422 -
2018-05-28 12:56:06,997 - werkzeug - INFO -  * Detected change in '/home/kartik/Documents/assessment/app/controller/assessment/operation/route.py', reloading
2018-05-28 12:56:07,170 - werkzeug - INFO -  * Restarting with stat
2018-05-28 12:56:07,971 - werkzeug - WARNING -  * Debugger is active!
2018-05-28 12:56:07,972 - werkzeug - INFO -  * Debugger PIN: 300-959-358
2018-05-28 12:56:10,677 - werkzeug - INFO - 127.0.0.1 - - [28/May/2018 12:56:10] "POST /assessment HTTP/1.1" 422 -
2018-05-28 15:33:33,711 - werkzeug - INFO -  * Detected change in '/home/kartik/Documents/assessment/app/__init__.py', reloading
2018-05-28 15:33:33,818 - werkzeug - INFO -  * Restarting with stat
2018-05-28 15:33:34,699 - werkzeug - WARNING -  * Debugger is active!
2018-05-28 15:33:34,700 - werkzeug - INFO -  * Debugger PIN: 300-959-358
2018-05-28 15:35:48,822 - werkzeug - INFO -  * Detected change in '/home/kartik/Documents/assessment/app/__init__.py', reloading
2018-05-28 15:35:48,954 - werkzeug - INFO -  * Restarting with stat
2018-05-28 15:35:49,852 - werkzeug - WARNING -  * Debugger is active!
2018-05-28 15:35:49,853 - werkzeug - INFO -  * Debugger PIN: 300-959-358
2018-05-28 15:43:13,073 - werkzeug - INFO -  * Running on http://127.0.0.1:5000/ (Press CTRL+C to quit)
2018-05-28 15:43:13,074 - werkzeug - INFO -  * Restarting with stat
2018-05-28 15:43:13,922 - werkzeug - WARNING -  * Debugger is active!
2018-05-28 15:43:13,923 - werkzeug - INFO -  * Debugger PIN: 300-959-358
2018-05-28 15:43:18,157 - werkzeug - INFO - 127.0.0.1 - - [28/May/2018 15:43:18] "POST /assessment HTTP/1.1" 500 -
2018-05-28 15:46:01,221 - werkzeug - INFO -  * Running on http://127.0.0.1:5000/ (Press CTRL+C to quit)
2018-05-28 15:46:01,223 - werkzeug - INFO -  * Restarting with stat
2018-05-28 15:46:02,168 - werkzeug - WARNING -  * Debugger is active!
2018-05-28 15:46:02,168 - werkzeug - INFO -  * Debugger PIN: 300-959-358
2018-05-28 15:46:03,764 - werkzeug - INFO - 127.0.0.1 - - [28/May/2018 15:46:03] "POST /assessment HTTP/1.1" 422 -
2018-05-28 15:54:16,921 - werkzeug - INFO -  * Detected change in '/home/kartik/Documents/assessment/app/service/assessment/service.py', reloading
2018-05-28 15:54:17,495 - werkzeug - INFO -  * Restarting with stat
2018-05-28 15:54:18,409 - werkzeug - WARNING -  * Debugger is active!
2018-05-28 15:54:18,409 - werkzeug - INFO -  * Debugger PIN: 300-959-358
2018-05-28 15:55:05,167 - werkzeug - INFO -  * Detected change in '/home/kartik/Documents/assessment/app/validate/assessment/validate.py', reloading
2018-05-28 15:55:05,539 - werkzeug - INFO -  * Restarting with stat
2018-05-28 15:55:06,439 - werkzeug - WARNING -  * Debugger is active!
2018-05-28 15:55:06,439 - werkzeug - INFO -  * Debugger PIN: 300-959-358
2018-05-28 15:55:23,154 - werkzeug - INFO - 127.0.0.1 - - [28/May/2018 15:55:23] "POST /assessment HTTP/1.1" 503 -
2018-05-28 15:55:29,809 - werkzeug - INFO -  * Detected change in '/home/kartik/Documents/assessment/app/validate/assessment/validate.py', reloading
2018-05-28 15:55:30,019 - werkzeug - INFO -  * Restarting with stat
2018-05-28 15:55:30,885 - werkzeug - WARNING -  * Debugger is active!
2018-05-28 15:55:30,886 - werkzeug - INFO -  * Debugger PIN: 300-959-358
2018-05-28 15:58:07,283 - werkzeug - INFO -  * Detected change in '/home/kartik/Documents/assessment/app/service/assessment/service.py', reloading
2018-05-28 15:58:07,663 - werkzeug - INFO -  * Restarting with stat
2018-05-28 15:58:08,523 - werkzeug - WARNING -  * Debugger is active!
2018-05-28 15:58:08,523 - werkzeug - INFO -  * Debugger PIN: 300-959-358
2018-05-28 16:17:03,069 - werkzeug - INFO -  * Detected change in '/home/kartik/Documents/assessment/app/controller/assessment/operation/route.py', reloading
2018-05-28 16:17:03,650 - werkzeug - INFO -  * Restarting with stat
2018-05-28 16:17:04,713 - werkzeug - WARNING -  * Debugger is active!
2018-05-28 16:17:04,715 - werkzeug - INFO -  * Debugger PIN: 300-959-358
2018-05-28 16:17:17,017 - werkzeug - INFO - 127.0.0.1 - - [28/May/2018 16:17:17] "POST /assessment HTTP/1.1" 500 -
2018-05-28 16:18:42,283 - werkzeug - INFO -  * Detected change in '/home/kartik/Documents/assessment/app/__init__.py', reloading
2018-05-28 16:18:42,709 - werkzeug - INFO -  * Restarting with stat
2018-05-28 16:18:44,183 - werkzeug - WARNING -  * Debugger is active!
2018-05-28 16:18:44,184 - werkzeug - INFO -  * Debugger PIN: 300-959-358
2018-05-28 16:19:24,949 - werkzeug - INFO -  * Detected change in '/home/kartik/Documents/assessment/app/__init__.py', reloading
2018-05-28 16:19:25,336 - werkzeug - INFO -  * Restarting with stat
2018-05-28 16:19:26,298 - werkzeug - WARNING -  * Debugger is active!
2018-05-28 16:19:26,299 - werkzeug - INFO -  * Debugger PIN: 300-959-358
2018-05-28 16:23:15,676 - werkzeug - INFO -  * Detected change in '/home/kartik/Documents/assessment/app/__init__.py', reloading
2018-05-28 16:23:16,202 - werkzeug - INFO -  * Restarting with stat
2018-05-28 16:23:17,094 - werkzeug - WARNING -  * Debugger is active!
2018-05-28 16:23:17,095 - werkzeug - INFO -  * Debugger PIN: 300-959-358
2018-05-28 16:23:34,408 - werkzeug - INFO -  * Detected change in '/home/kartik/Documents/assessment/app/__init__.py', reloading
2018-05-28 16:23:34,681 - werkzeug - INFO -  * Restarting with stat
2018-05-28 16:23:35,566 - werkzeug - WARNING -  * Debugger is active!
2018-05-28 16:23:35,566 - werkzeug - INFO -  * Debugger PIN: 300-959-358
2018-05-28 18:30:44,735 - werkzeug - INFO -  * Detected change in '/home/kartik/Documents/assessment/app/__init__.py', reloading
2018-05-28 18:30:45,246 - werkzeug - INFO -  * Restarting with stat
2018-05-28 18:30:55,733 - werkzeug - INFO -  * Detected change in '/home/kartik/Documents/assessment/app/__init__.py', reloading
2018-05-28 18:30:56,251 - werkzeug - INFO -  * Restarting with stat
2018-05-28 18:31:35,428 - werkzeug - INFO -  * Detected change in '/home/kartik/Documents/assessment/app/__init__.py', reloading
2018-05-28 18:31:35,827 - werkzeug - INFO -  * Restarting with stat
2018-05-28 18:31:51,055 - werkzeug - INFO -  * Detected change in '/home/kartik/Documents/assessment/app/__init__.py', reloading
2018-05-28 18:31:51,543 - werkzeug - INFO -  * Restarting with stat
2018-05-28 18:31:57,192 - werkzeug - INFO - 127.0.0.1 - - [28/May/2018 18:31:57] "POST /assessment HTTP/1.1" 500 -
2018-05-28 18:35:13,744 - werkzeug - INFO - 127.0.0.1 - - [28/May/2018 18:35:13] "POST /assessment HTTP/1.1" 500 -
2018-05-28 18:35:54,012 - werkzeug - INFO - 127.0.0.1 - - [28/May/2018 18:35:54] "POST /assessment HTTP/1.1" 500 -
2018-05-28 18:39:42,280 - werkzeug - INFO - 127.0.0.1 - - [28/May/2018 18:39:42] "POST /assessment HTTP/1.1" 500 -
2018-05-28 18:40:29,454 - werkzeug - INFO -  * Detected change in '/home/kartik/Documents/assessment/app/__init__.py', reloading
2018-05-28 18:40:29,560 - werkzeug - INFO -  * Restarting with stat
2018-05-28 18:44:54,900 - werkzeug - INFO - 127.0.0.1 - - [28/May/2018 18:44:54] "POST /assessment HTTP/1.1" 500 -
2018-05-28 18:46:28,661 - werkzeug - INFO -  * Detected change in '/home/kartik/Documents/assessment/app/controller/assessment/operation/route.py', reloading
2018-05-28 18:46:29,012 - werkzeug - INFO -  * Restarting with stat
2018-05-28 18:46:45,615 - werkzeug - INFO -  * Detected change in '/home/kartik/Documents/assessment/app/controller/assessment/operation/route.py', reloading
2018-05-28 18:46:45,999 - werkzeug - INFO -  * Restarting with stat
2018-05-28 18:46:50,338 - werkzeug - INFO -  * Detected change in '/home/kartik/Documents/assessment/app/controller/assessment/operation/route.py', reloading
2018-05-28 18:46:50,467 - werkzeug - INFO -  * Restarting with stat
2018-05-28 18:47:01,985 - werkzeug - INFO -  * Detected change in '/home/kartik/Documents/assessment/app/controller/assessment/operation/route.py', reloading
2018-05-28 18:47:02,451 - werkzeug - INFO -  * Restarting with stat
2018-05-28 18:47:07,841 - werkzeug - INFO -  * Detected change in '/home/kartik/Documents/assessment/app/controller/assessment/operation/route.py', reloading
2018-05-28 18:47:07,938 - werkzeug - INFO -  * Restarting with stat
2018-05-28 18:47:09,221 - werkzeug - INFO - 127.0.0.1 - - [28/May/2018 18:47:09] "POST /assessment HTTP/1.1" 500 -
2018-05-28 18:50:30,844 - werkzeug - INFO - 127.0.0.1 - - [28/May/2018 18:50:30] "POST /assessment HTTP/1.1" 500 -
2018-05-28 18:51:56,145 - werkzeug - INFO -  * Detected change in '/home/kartik/Documents/assessment/app/error/error.py', reloading
2018-05-28 18:51:56,436 - werkzeug - INFO -  * Restarting with stat
2018-05-28 18:52:01,283 - werkzeug - INFO - 127.0.0.1 - - [28/May/2018 18:52:01] "POST /assessment HTTP/1.1" 500 -
2018-05-28 18:52:25,302 - werkzeug - INFO -  * Detected change in '/home/kartik/Documents/assessment/app/error/error.py', reloading
2018-05-28 18:52:25,428 - werkzeug - INFO -  * Restarting with stat
2018-05-28 18:52:28,858 - werkzeug - INFO - 127.0.0.1 - - [28/May/2018 18:52:28] "POST /assessment HTTP/1.1" 500 -
2018-05-28 18:52:40,072 - werkzeug - INFO -  * Detected change in '/home/kartik/Documents/assessment/app/error/error.py', reloading
2018-05-28 18:52:40,414 - werkzeug - INFO -  * Restarting with stat
2018-05-28 18:52:42,253 - werkzeug - INFO - 127.0.0.1 - - [28/May/2018 18:52:42] "POST /assessment HTTP/1.1" 404 -
2018-05-28 18:53:26,728 - werkzeug - INFO -  * Detected change in '/home/kartik/Documents/assessment/app/__init__.py', reloading
2018-05-28 18:53:26,999 - werkzeug - INFO -  * Restarting with stat
2018-05-28 18:53:38,518 - werkzeug - INFO -  * Detected change in '/home/kartik/Documents/assessment/app/error/error.py', reloading
2018-05-28 18:53:38,990 - werkzeug - INFO -  * Restarting with stat
2018-05-28 18:53:43,340 - werkzeug - INFO -  * Detected change in '/home/kartik/Documents/assessment/app/__init__.py', reloading
2018-05-28 18:53:43,534 - werkzeug - INFO -  * Restarting with stat
2018-05-28 18:53:53,781 - app.controller.assessment.operation.route - INFO - here
2018-05-28 18:53:53,783 - app.controller.assessment.operation.route - INFO - here
2018-05-28 18:53:53,784 - app.controller.assessment.operation.route - INFO - assessment created
2018-05-28 18:53:53,785 - werkzeug - INFO - 127.0.0.1 - - [28/May/2018 18:53:53] "POST /v1/assessment HTTP/1.1" 200 -
2018-05-28 18:54:05,286 - werkzeug - INFO - 127.0.0.1 - - [28/May/2018 18:54:05] "POST /v1/assessment/123 HTTP/1.1" 503 -
2018-05-28 18:57:30,645 - werkzeug - INFO -  * Detected change in '/home/kartik/Documents/assessment/app/controller/assessment/operation/route.py', reloading
2018-05-28 18:57:30,832 - werkzeug - INFO -  * Restarting with stat
2018-05-28 18:57:33,313 - werkzeug - INFO - 127.0.0.1 - - [28/May/2018 18:57:33] "POST /v1/assessment/123 HTTP/1.1" 503 -
2018-05-28 18:58:13,037 - werkzeug - INFO -  * Detected change in '/home/kartik/Documents/assessment/app/controller/assessment/operation/route.py', reloading
2018-05-28 18:58:13,353 - werkzeug - INFO -  * Restarting with stat
2018-05-28 18:58:22,635 - werkzeug - INFO - 127.0.0.1 - - [28/May/2018 18:58:22] "POST /v1/assessment/123 HTTP/1.1" 503 -
2018-05-28 18:58:36,664 - werkzeug - INFO - 127.0.0.1 - - [28/May/2018 18:58:36] "POST /v1/assessment/123 HTTP/1.1" 503 -
2018-05-28 19:00:40,793 - werkzeug - INFO -  * Detected change in '/home/kartik/Documents/assessment/app/model/assessment/model.py', reloading
2018-05-28 19:00:41,030 - werkzeug - INFO -  * Restarting with stat
2018-05-28 19:01:42,674 - werkzeug - INFO -  * Detected change in '/home/kartik/Documents/assessment/app/model/assessment/model.py', reloading
2018-05-28 19:01:43,094 - werkzeug - INFO -  * Restarting with stat
2018-05-28 19:02:06,886 - werkzeug - INFO -  * Detected change in '/home/kartik/Documents/assessment/app/model/assessment/model.py', reloading
2018-05-28 19:02:07,092 - werkzeug - INFO -  * Restarting with stat
2018-05-28 19:02:51,266 - werkzeug - INFO -  * Detected change in '/home/kartik/Documents/assessment/app/error/error.py', reloading
2018-05-28 19:02:51,655 - werkzeug - INFO -  * Restarting with stat
2018-05-28 19:03:23,628 - werkzeug - INFO -  * Detected change in '/home/kartik/Documents/assessment/app/__init__.py', reloading
2018-05-28 19:03:24,175 - werkzeug - INFO -  * Restarting with stat
2018-05-28 19:06:32,564 - werkzeug - INFO -  * Detected change in '/home/kartik/Documents/assessment/app/model/assessment/model.py', reloading
2018-05-28 19:06:32,891 - werkzeug - INFO -  * Restarting with stat
2018-05-28 19:07:01,850 - werkzeug - INFO -  * Detected change in '/home/kartik/Documents/assessment/app/service/assessment/service.py', reloading
2018-05-28 19:07:02,402 - werkzeug - INFO -  * Restarting with stat
2018-05-28 19:07:23,069 - werkzeug - INFO -  * Detected change in '/home/kartik/Documents/assessment/app/service/assessment/service.py', reloading
2018-05-28 19:07:23,382 - werkzeug - INFO -  * Restarting with stat
2018-05-28 19:09:57,940 - werkzeug - INFO -  * Detected change in '/home/kartik/Documents/assessment/app/controller/assessment/operation/route.py', reloading
2018-05-28 19:09:58,051 - werkzeug - INFO -  * Restarting with stat
2018-05-28 19:10:03,413 - werkzeug - INFO -  * Detected change in '/home/kartik/Documents/assessment/app/controller/assessment/operation/route.py', reloading
2018-05-28 19:10:03,521 - werkzeug - INFO -  * Restarting with stat
2018-05-28 19:10:08,894 - werkzeug - INFO -  * Detected change in '/home/kartik/Documents/assessment/app/model/assessment/model.py', reloading
2018-05-28 19:10:08,980 - werkzeug - INFO -  * Restarting with stat
2018-05-28 19:12:58,341 - werkzeug - INFO - 127.0.0.1 - - [28/May/2018 19:12:58] "POST /v1/assessment/123 HTTP/1.1" 500 -
2018-05-28 19:13:30,193 - werkzeug - INFO - 127.0.0.1 - - [28/May/2018 19:13:30] "POST /assessment/123 HTTP/1.1" 503 -
2018-05-28 19:13:56,867 - app.controller.assessment.operation.route - DEBUG - name 'bson' is not defined
2018-05-28 19:13:56,868 - werkzeug - INFO - 127.0.0.1 - - [28/May/2018 19:13:56] "GET /assessment/123 HTTP/1.1" 503 -
2018-05-28 19:16:26,437 - werkzeug - INFO -  * Detected change in '/home/kartik/Documents/assessment/app/service/assessment/service.py', reloading
2018-05-28 19:16:26,973 - werkzeug - INFO -  * Restarting with stat
2018-05-29 11:03:32,687 - werkzeug - INFO -  * Detected change in '/home/kartik/Documents/assessment/app/service/assessment/service.py', reloading
2018-05-29 11:03:33,214 - werkzeug - INFO -  * Restarting with stat
2018-05-29 11:03:53,934 - werkzeug - INFO -  * Detected change in '/home/kartik/Documents/assessment/app/service/assessment/service.py', reloading
2018-05-29 11:03:54,227 - werkzeug - INFO -  * Restarting with stat
2018-05-29 11:04:02,887 - app.controller.assessment.operation.route - DEBUG - '123' is not a valid ObjectId, it must be a 12-byte input or a 24-character hex string
2018-05-29 11:04:02,889 - werkzeug - INFO - 127.0.0.1 - - [29/May/2018 11:04:02] "GET /assessment/123 HTTP/1.1" 503 -
2018-05-29 11:04:53,730 - werkzeug - INFO -  * Detected change in '/home/kartik/Documents/assessment/app/controller/assessment/operation/route.py', reloading
2018-05-29 11:04:54,269 - werkzeug - INFO -  * Restarting with stat
2018-05-29 11:05:23,093 - werkzeug - INFO -  * Detected change in '/home/kartik/Documents/assessment/app/controller/assessment/operation/route.py', reloading
2018-05-29 11:05:23,267 - werkzeug - INFO -  * Restarting with stat
2018-05-29 11:05:36,793 - werkzeug - INFO -  * Detected change in '/home/kartik/Documents/assessment/app/controller/assessment/operation/route.py', reloading
2018-05-29 11:05:37,249 - werkzeug - INFO -  * Restarting with stat
2018-05-29 11:06:16,278 - werkzeug - INFO -  * Detected change in '/home/kartik/Documents/assessment/app/error/exception.py', reloading
2018-05-29 11:06:16,788 - werkzeug - INFO -  * Restarting with stat
2018-05-29 11:06:59,955 - werkzeug - INFO -  * Detected change in '/home/kartik/Documents/assessment/app/error/exception.py', reloading
2018-05-29 11:07:00,300 - werkzeug - INFO -  * Restarting with stat
2018-05-29 11:07:43,431 - werkzeug - INFO -  * Detected change in '/home/kartik/Documents/assessment/app/error/exception.py', reloading
2018-05-29 11:07:43,843 - werkzeug - INFO -  * Restarting with stat
2018-05-29 11:07:50,245 - werkzeug - INFO -  * Detected change in '/home/kartik/Documents/assessment/app/service/assessment/service.py', reloading
2018-05-29 11:07:50,319 - werkzeug - INFO -  * Restarting with stat
2018-05-29 11:08:16,145 - werkzeug - INFO -  * Detected change in '/home/kartik/Documents/assessment/app/service/assessment/service.py', reloading
2018-05-29 11:08:16,329 - werkzeug - INFO -  * Restarting with stat
2018-05-29 11:08:31,917 - werkzeug - INFO -  * Detected change in '/home/kartik/Documents/assessment/app/service/assessment/service.py', reloading
2018-05-29 11:08:32,322 - werkzeug - INFO -  * Restarting with stat
2018-05-29 11:12:29,887 - werkzeug - INFO -  * Detected change in '/home/kartik/Documents/assessment/app/controller/assessment/operation/route.py', reloading
2018-05-29 11:12:30,154 - werkzeug - INFO -  * Restarting with stat
2018-05-29 11:14:24,582 - werkzeug - INFO -  * Detected change in '/home/kartik/Documents/assessment/app/controller/assessment/operation/route.py', reloading
2018-05-29 11:14:24,786 - werkzeug - INFO -  * Restarting with stat
2018-05-29 11:14:29,652 - app.controller.assessment.operation.route - DEBUG - __init__() missing 1 required positional argument: 'message'
2018-05-29 11:14:29,654 - werkzeug - INFO - 127.0.0.1 - - [29/May/2018 11:14:29] "GET /assessment/123 HTTP/1.1" 503 -
2018-05-29 11:15:29,369 - werkzeug - INFO -  * Detected change in '/home/kartik/Documents/assessment/app/controller/assessment/operation/route.py', reloading
2018-05-29 11:15:29,834 - werkzeug - INFO -  * Restarting with stat
2018-05-29 11:15:53,616 - werkzeug - INFO -  * Detected change in '/home/kartik/Documents/assessment/app/service/assessment/service.py', reloading
2018-05-29 11:15:53,848 - werkzeug - INFO -  * Restarting with stat
2018-05-29 11:16:31,926 - werkzeug - INFO -  * Detected change in '/home/kartik/Documents/assessment/app/error/exception.py', reloading
2018-05-29 11:16:32,365 - werkzeug - INFO -  * Restarting with stat
2018-05-29 11:16:38,753 - werkzeug - INFO -  * Detected change in '/home/kartik/Documents/assessment/app/error/exception.py', reloading
2018-05-29 11:16:38,848 - werkzeug - INFO -  * Restarting with stat
2018-05-29 11:19:07,759 - werkzeug - INFO - 127.0.0.1 - - [29/May/2018 11:19:07] "GET /assessment/123 HTTP/1.1" 500 -
2018-05-29 11:19:30,945 - app.controller.assessment.operation.route - DEBUG - invalid assessment id
2018-05-29 11:19:30,946 - werkzeug - INFO - 127.0.0.1 - - [29/May/2018 11:19:30] "GET /assessment/123 HTTP/1.1" 503 -
2018-05-29 11:22:04,973 - werkzeug - INFO -  * Detected change in '/home/kartik/Documents/assessment/app/controller/assessment/operation/route.py', reloading
2018-05-29 11:22:05,408 - werkzeug - INFO -  * Restarting with stat
2018-05-29 11:22:17,947 - werkzeug - INFO -  * Detected change in '/home/kartik/Documents/assessment/app/controller/assessment/operation/route.py', reloading
2018-05-29 11:22:18,385 - werkzeug - INFO -  * Restarting with stat
2018-05-29 11:22:22,202 - werkzeug - INFO - 127.0.0.1 - - [29/May/2018 11:22:22] "GET /assessment/123 HTTP/1.1" 404 -
2018-05-29 11:22:43,946 - werkzeug - INFO - 127.0.0.1 - - [29/May/2018 11:22:43] "GET /assessment/5b0593f715f9e57d8f30f153 HTTP/1.1" 404 -
2018-05-29 11:22:56,688 - werkzeug - INFO - 127.0.0.1 - - [29/May/2018 11:22:56] "GET /assessment HTTP/1.1" 200 -
2018-05-29 11:23:22,277 - werkzeug - INFO - 127.0.0.1 - - [29/May/2018 11:23:22] "GET /assessment/5b06a94615f9e55e0488e6e5 HTTP/1.1" 200 -
2018-05-29 11:24:01,696 - werkzeug - INFO -  * Detected change in '/home/kartik/Documents/assessment/app/controller/assessment/operation/route.py', reloading
2018-05-29 11:24:02,001 - werkzeug - INFO -  * Restarting with stat
2018-05-29 11:25:35,312 - werkzeug - INFO -  * Detected change in '/home/kartik/Documents/assessment/app/error/error.py', reloading
2018-05-29 11:25:35,589 - werkzeug - INFO -  * Restarting with stat
2018-05-29 11:25:39,947 - werkzeug - INFO -  * Detected change in '/home/kartik/Documents/assessment/app/controller/assessment/operation/route.py', reloading
2018-05-29 11:25:40,052 - werkzeug - INFO -  * Restarting with stat
2018-05-29 11:25:56,612 - werkzeug - INFO -  * Detected change in '/home/kartik/Documents/assessment/app/error/error.py', reloading
2018-05-29 11:25:57,040 - werkzeug - INFO -  * Restarting with stat
2018-05-29 11:26:32,022 - werkzeug - INFO -  * Detected change in '/home/kartik/Documents/assessment/app/error/error.py', reloading
2018-05-29 11:26:32,552 - werkzeug - INFO -  * Restarting with stat
2018-05-29 11:26:40,995 - werkzeug - INFO -  * Detected change in '/home/kartik/Documents/assessment/app/error/error.py', reloading
2018-05-29 11:26:41,532 - werkzeug - INFO -  * Restarting with stat
2018-05-29 11:27:29,828 - werkzeug - INFO -  * Detected change in '/home/kartik/Documents/assessment/app/controller/assessment/operation/route.py', reloading
2018-05-29 11:27:30,051 - werkzeug - INFO -  * Restarting with stat
2018-05-29 11:27:34,392 - werkzeug - INFO -  * Detected change in '/home/kartik/Documents/assessment/app/controller/assessment/operation/route.py', reloading
2018-05-29 11:27:34,498 - werkzeug - INFO -  * Restarting with stat
2018-05-29 11:27:47,964 - app.error.error - DEBUG - 404 Not Found: {'message': 'invalid assessment id'}
2018-05-29 11:27:47,965 - werkzeug - INFO - 127.0.0.1 - - [29/May/2018 11:27:47] "GET /assessment/123 HTTP/1.1" 404 -
2018-05-29 11:29:06,657 - werkzeug - INFO - 127.0.0.1 - - [29/May/2018 11:29:06] "GET /assessment/5b06a94615f9e55e0488e6e5 HTTP/1.1" 200 -
2018-05-29 11:29:12,894 - werkzeug - INFO - 127.0.0.1 - - [29/May/2018 11:29:12] "GET /assessment/5b06a94615f9e55e0488e6e2 HTTP/1.1" 500 -
2018-05-29 11:29:40,312 - werkzeug - INFO -  * Detected change in '/home/kartik/Documents/assessment/app/controller/assessment/operation/route.py', reloading
2018-05-29 11:29:40,632 - werkzeug - INFO -  * Restarting with stat
2018-05-29 11:29:43,384 - app.error.error - DEBUG - 404 Not Found: {'message': ''}
2018-05-29 11:29:43,384 - werkzeug - INFO - 127.0.0.1 - - [29/May/2018 11:29:43] "GET /assessment/5b06a94615f9e55e0488e6e2 HTTP/1.1" 404 -
2018-05-29 11:30:25,974 - werkzeug - INFO -  * Detected change in '/home/kartik/Documents/assessment/app/controller/assessment/operation/route.py', reloading
2018-05-29 11:30:26,243 - werkzeug - INFO -  * Restarting with stat
2018-05-29 11:30:29,786 - app.error.error - DEBUG - 404 Not Found: {'message': "assessment id doesn't exist"}
2018-05-29 11:30:29,787 - werkzeug - INFO - 127.0.0.1 - - [29/May/2018 11:30:29] "GET /assessment/5b06a94615f9e55e0488e6e2 HTTP/1.1" 404 -
2018-05-29 11:31:07,364 - werkzeug - INFO -  * Detected change in '/home/kartik/Documents/assessment/app/controller/assessment/operation/route.py', reloading
2018-05-29 11:31:07,765 - werkzeug - INFO -  * Restarting with stat
2018-05-29 11:31:13,128 - werkzeug - INFO -  * Detected change in '/home/kartik/Documents/assessment/app/controller/assessment/operation/route.py', reloading
2018-05-29 11:31:13,233 - werkzeug - INFO -  * Restarting with stat
2018-05-29 11:31:22,704 - werkzeug - INFO -  * Detected change in '/home/kartik/Documents/assessment/app/controller/assessment/operation/route.py', reloading
2018-05-29 11:31:23,228 - werkzeug - INFO -  * Restarting with stat
2018-05-29 11:32:03,348 - werkzeug - INFO -  * Detected change in '/home/kartik/Documents/assessment/app/controller/assessment/operation/route.py', reloading
2018-05-29 11:32:03,748 - werkzeug - INFO -  * Restarting with stat
2018-05-29 11:32:07,072 - werkzeug - INFO -  * Detected change in '/home/kartik/Documents/assessment/app/controller/assessment/operation/route.py', reloading
2018-05-29 11:32:07,196 - werkzeug - INFO -  * Restarting with stat
2018-05-29 11:32:15,602 - werkzeug - INFO -  * Detected change in '/home/kartik/Documents/assessment/app/controller/assessment/operation/route.py', reloading
2018-05-29 11:32:16,130 - werkzeug - INFO -  * Restarting with stat
2018-05-29 11:32:39,907 - werkzeug - INFO -  * Detected change in '/home/kartik/Documents/assessment/app/controller/assessment/operation/route.py', reloading
2018-05-29 11:32:40,139 - werkzeug - INFO -  * Restarting with stat
2018-05-29 11:33:14,099 - werkzeug - INFO -  * Detected change in '/home/kartik/Documents/assessment/app/controller/assessment/operation/route.py', reloading
2018-05-29 11:33:14,621 - werkzeug - INFO -  * Restarting with stat
2018-05-29 11:33:18,974 - werkzeug - INFO -  * Detected change in '/home/kartik/Documents/assessment/app/controller/assessment/operation/route.py', reloading
2018-05-29 11:33:19,071 - werkzeug - INFO -  * Restarting with stat
2018-05-29 11:39:05,316 - werkzeug - INFO -  * Detected change in '/home/kartik/Documents/assessment/app/error/error.py', reloading
2018-05-29 11:39:05,493 - werkzeug - INFO -  * Restarting with stat
2018-05-29 12:36:18,699 - werkzeug - INFO -  * Detected change in '/home/kartik/Documents/assessment/run.py', reloading
2018-05-29 12:36:19,207 - werkzeug - INFO -  * Restarting with stat
2018-05-29 12:39:48,074 - werkzeug - INFO -  * Running on http://127.0.0.1:5000/ (Press CTRL+C to quit)
2018-05-29 12:40:06,233 - werkzeug - INFO -  * Running on http://127.0.0.1:5000/ (Press CTRL+C to quit)
2018-05-29 12:41:03,183 - werkzeug - INFO -  * Running on http://127.0.0.1:5000/ (Press CTRL+C to quit)
2018-05-29 12:51:19,196 - werkzeug - INFO -  * Running on http://127.0.0.1:5000/ (Press CTRL+C to quit)
2018-05-29 12:56:11,490 - werkzeug - INFO -  * Running on http://127.0.0.1:5000/ (Press CTRL+C to quit)
2018-05-29 12:57:13,680 - werkzeug - INFO -  * Running on http://127.0.0.1:5000/ (Press CTRL+C to quit)
2018-05-29 12:57:29,785 - werkzeug - INFO -  * Running on http://127.0.0.1:5000/ (Press CTRL+C to quit)
2018-05-29 13:21:54,685 - werkzeug - INFO -  * Running on http://127.0.0.1:5000/ (Press CTRL+C to quit)
2018-05-29 13:23:09,602 - werkzeug - INFO -  * Running on http://127.0.0.1:5000/ (Press CTRL+C to quit)
2018-05-29 13:25:56,274 - werkzeug - INFO -  * Running on http://127.0.0.1:5000/ (Press CTRL+C to quit)
2018-05-29 13:27:24,914 - werkzeug - INFO -  * Running on http://127.0.0.1:5000/ (Press CTRL+C to quit)
2018-05-29 13:27:31,261 - werkzeug - INFO -  * Running on http://127.0.0.1:5000/ (Press CTRL+C to quit)
2018-05-29 13:28:33,716 - werkzeug - INFO -  * Running on http://127.0.0.1:5000/ (Press CTRL+C to quit)
2018-05-29 13:29:03,380 - werkzeug - INFO -  * Running on http://127.0.0.1:5000/ (Press CTRL+C to quit)
2018-05-29 13:29:36,993 - werkzeug - INFO -  * Running on http://127.0.0.1:5000/ (Press CTRL+C to quit)
2018-05-29 13:31:07,806 - werkzeug - INFO -  * Running on http://127.0.0.1:5000/ (Press CTRL+C to quit)
2018-05-29 13:32:32,639 - werkzeug - INFO -  * Running on http://127.0.0.1:5000/ (Press CTRL+C to quit)
2018-05-29 13:34:49,330 - werkzeug - INFO -  * Running on http://127.0.0.1:5000/ (Press CTRL+C to quit)
2018-05-29 13:38:41,994 - werkzeug - INFO -  * Running on http://127.0.0.1:5000/ (Press CTRL+C to quit)
2018-05-29 13:41:34,298 - werkzeug - INFO -  * Running on http://127.0.0.1:5000/ (Press CTRL+C to quit)
2018-05-29 13:43:46,072 - werkzeug - INFO -  * Running on http://127.0.0.1:5000/ (Press CTRL+C to quit)
2018-05-29 13:44:44,726 - werkzeug - INFO -  * Running on http://127.0.0.1:5000/ (Press CTRL+C to quit)
2018-05-29 13:45:01,369 - werkzeug - INFO -  * Running on http://127.0.0.1:5000/ (Press CTRL+C to quit)
2018-05-29 13:46:58,290 - werkzeug - INFO -  * Detected change in '/home/kartik/Documents/assessment/config.py', reloading
2018-05-29 13:46:58,458 - werkzeug - INFO -  * Restarting with stat
2018-05-29 13:47:04,878 - werkzeug - INFO -  * Detected change in '/home/kartik/Documents/assessment/config.py', reloading
2018-05-29 13:47:04,962 - werkzeug - INFO -  * Restarting with stat
2018-05-29 13:48:09,848 - werkzeug - INFO -  * Running on http://127.0.0.1:5000/ (Press CTRL+C to quit)
2018-05-29 13:48:25,532 - werkzeug - INFO -  * Running on http://127.0.0.1:5000/ (Press CTRL+C to quit)
2018-05-29 13:49:46,363 - werkzeug - INFO -  * Running on http://127.0.0.1:5000/ (Press CTRL+C to quit)
2018-05-29 13:51:04,925 - werkzeug - INFO -  * Running on http://127.0.0.1:5000/ (Press CTRL+C to quit)
2018-05-29 13:51:49,650 - werkzeug - INFO -  * Running on http://127.0.0.1:5000/ (Press CTRL+C to quit)
2018-05-29 13:52:09,109 - werkzeug - INFO -  * Running on http://127.0.0.1:5000/ (Press CTRL+C to quit)
2018-05-29 15:01:00,186 - werkzeug - INFO -  * Detected change in '/home/kartik/Documents/assessment/run.py', reloading
2018-05-29 15:01:00,513 - werkzeug - INFO -  * Restarting with stat
2018-05-29 15:27:01,352 - werkzeug - INFO -  * Running on http://127.0.0.1:5000/ (Press CTRL+C to quit)
2018-05-29 15:45:54,475 - app.error.error - DEBUG - 404 Not Found: {'message': "assessment id doesn't exist"}
2018-05-29 15:45:54,476 - werkzeug - INFO - 127.0.0.1 - - [29/May/2018 15:45:54] "GET /v1/assessment/5b06a94615f9e55e0488e6e2 HTTP/1.1" 404 -
2018-05-29 15:47:02,205 - werkzeug - INFO - 127.0.0.1 - - [29/May/2018 15:47:02] "GET /v1/assessment HTTP/1.1" 200 -
2018-05-29 15:47:10,093 - werkzeug - INFO - 127.0.0.1 - - [29/May/2018 15:47:10] "GET /v1/assessment/5b06a94615f9e55e0488e6e5 HTTP/1.1" 200 -
2018-05-29 15:48:20,228 - werkzeug - INFO -  * Detected change in '/home/kartik/Documents/assessment/app/controller/assessment/operation/route.py', reloading
2018-05-29 15:48:20,753 - werkzeug - INFO -  * Restarting with stat
2018-05-29 15:49:02,621 - werkzeug - INFO -  * Detected change in '/home/kartik/Documents/assessment/app/controller/assessment/operation/route.py', reloading
2018-05-29 15:49:03,026 - werkzeug - INFO -  * Restarting with stat
2018-05-29 15:49:06,760 - werkzeug - INFO - 127.0.0.1 - - [29/May/2018 15:49:06] "GET /v1/assessment/5b06a94615f9e55e0488e6e5 HTTP/1.1" 200 -
2018-05-29 15:49:27,182 - werkzeug - INFO -  * Detected change in '/home/kartik/Documents/assessment/app/controller/assessment/operation/route.py', reloading
2018-05-29 15:49:27,578 - werkzeug - INFO -  * Restarting with stat
2018-05-29 15:49:30,215 - app.error.error - DEBUG - 503 Service Unavailable: {'message': ''}
2018-05-29 15:49:30,219 - werkzeug - INFO - 127.0.0.1 - - [29/May/2018 15:49:30] "GET /v1/assessment/5b06a94615f9e55e0488e6e5 HTTP/1.1" 503 -
2018-05-29 15:50:26,695 - werkzeug - INFO -  * Detected change in '/home/kartik/Documents/assessment/app/controller/assessment/operation/route.py', reloading
2018-05-29 15:50:27,173 - werkzeug - INFO -  * Restarting with stat
2018-05-29 15:50:44,259 - werkzeug - INFO -  * Detected change in '/home/kartik/Documents/assessment/app/controller/assessment/operation/route.py', reloading
2018-05-29 15:50:44,794 - werkzeug - INFO -  * Restarting with stat
2018-05-29 15:50:47,716 - app.error.error - DEBUG - 503 Service Unavailable: {'message': ''}
2018-05-29 15:50:47,719 - werkzeug - INFO - 127.0.0.1 - - [29/May/2018 15:50:47] "GET /v1/assessment/5b06a94615f9e55e0488e6e5 HTTP/1.1" 503 -
2018-05-29 15:51:00,847 - werkzeug - INFO -  * Detected change in '/home/kartik/Documents/assessment/app/controller/assessment/operation/route.py', reloading
2018-05-29 15:51:01,421 - werkzeug - INFO -  * Restarting with stat
2018-05-29 15:51:03,340 - app.error.error - DEBUG - 503 Service Unavailable: {'message': ''}
2018-05-29 15:51:03,342 - werkzeug - INFO - 127.0.0.1 - - [29/May/2018 15:51:03] "GET /v1/assessment/5b06a94615f9e55e0488e6e5 HTTP/1.1" 503 -
2018-05-29 15:51:30,101 - werkzeug - INFO -  * Detected change in '/home/kartik/Documents/assessment/app/controller/assessment/operation/route.py', reloading
2018-05-29 15:51:30,285 - werkzeug - INFO -  * Restarting with stat
2018-05-29 15:53:53,625 - werkzeug - INFO -  * Detected change in '/home/kartik/Documents/assessment/app/controller/assessment/operation/route.py', reloading
2018-05-29 15:53:54,144 - werkzeug - INFO -  * Restarting with stat
2018-05-29 15:53:56,946 - werkzeug - INFO -  * Detected change in '/home/kartik/Documents/assessment/app/controller/assessment/operation/route.py', reloading
2018-05-29 15:53:57,135 - werkzeug - INFO -  * Restarting with stat
2018-05-29 15:54:00,072 - werkzeug - INFO - 127.0.0.1 - - [29/May/2018 15:54:00] "GET /v1/assessment/5b06a94615f9e55e0488e6e5 HTTP/1.1" 200 -
2018-05-29 15:54:13,493 - werkzeug - INFO -  * Detected change in '/home/kartik/Documents/assessment/app/controller/assessment/operation/route.py', reloading
2018-05-29 15:54:13,710 - werkzeug - INFO -  * Restarting with stat
2018-05-29 15:55:36,128 - werkzeug - INFO -  * Detected change in '/home/kartik/Documents/assessment/app/controller/assessment/operation/route.py', reloading
2018-05-29 15:55:36,268 - werkzeug - INFO -  * Restarting with stat
2018-05-29 16:16:05,528 - werkzeug - INFO -  * Detected change in '/home/kartik/Documents/assessment/app/__init__.py', reloading
2018-05-29 16:16:05,694 - werkzeug - INFO -  * Restarting with stat
2018-05-29 16:22:51,065 - werkzeug - INFO -  * Detected change in '/home/kartik/Documents/assessment/app/__init__.py', reloading
2018-05-29 16:22:51,207 - werkzeug - INFO -  * Restarting with stat
